[0.083s] DEBUG:colcon:Command line arguments: ['/usr/bin/colcon', 'build', '--symlink-install']
[0.083s] DEBUG:colcon:Parsed command line arguments: Namespace(log_base=None, log_level=None, verb_name='build', build_base='build', install_base='install', merge_install=False, symlink_install=True, test_result_base=None, continue_on_error=False, executor='parallel', parallel_workers=16, event_handlers=None, ignore_user_meta=False, metas=['./colcon.meta'], base_paths=['.'], packages_ignore=None, packages_ignore_regex=None, paths=None, packages_up_to=None, packages_up_to_regex=None, packages_above=None, packages_above_and_dependencies=None, packages_above_depth=None, packages_select_by_dep=None, packages_skip_by_dep=None, packages_skip_up_to=None, packages_select_build_failed=False, packages_skip_build_finished=False, packages_select_test_failures=False, packages_skip_test_passed=False, packages_select=None, packages_skip=None, packages_select_regex=None, packages_skip_regex=None, packages_start=None, packages_end=None, cmake_args=None, cmake_target=None, cmake_target_skip_unavailable=False, cmake_clean_cache=False, cmake_clean_first=False, cmake_force_configure=False, ament_cmake_args=None, catkin_cmake_args=None, catkin_skip_building_tests=False, mixin_files=None, mixin=None, verb_parser=<colcon_mixin.mixin.mixin_argument.MixinArgumentDecorator object at 0x75979a3b6500>, verb_extension=<colcon_core.verb.build.BuildVerb object at 0x75979a4beb30>, main=<bound method BuildVerb.main of <colcon_core.verb.build.BuildVerb object at 0x75979a4beb30>>, mixin_verb=('build',))
[0.172s] Level 1:colcon.colcon_core.package_discovery:discover_packages(colcon_meta) check parameters
[0.173s] INFO:colcon.colcon_metadata.package_discovery.colcon_meta:Using configuration from '/root/.colcon/metadata/default/Gazebo.meta'
[0.173s] INFO:colcon.colcon_metadata.package_discovery.colcon_meta:Using configuration from '/root/.colcon/metadata/default/fastrtps.meta'
[0.173s] Level 1:colcon.colcon_core.package_discovery:discover_packages(recursive) check parameters
[0.173s] Level 1:colcon.colcon_core.package_discovery:discover_packages(ignore) check parameters
[0.173s] Level 1:colcon.colcon_core.package_discovery:discover_packages(path) check parameters
[0.173s] Level 1:colcon.colcon_core.package_discovery:discover_packages(colcon_meta) discover
[0.173s] Level 1:colcon.colcon_core.package_discovery:discover_packages(recursive) discover
[0.173s] INFO:colcon.colcon_core.package_discovery:Crawling recursively for packages in '/workspaces/reuv/re-uv_ws'
[0.174s] Level 1:colcon.colcon_core.package_identification:_identify(.) by extensions ['ignore', 'ignore_ament_install']
[0.174s] Level 1:colcon.colcon_core.package_identification:_identify(.) by extension 'ignore'
[0.174s] Level 1:colcon.colcon_core.package_identification:_identify(.) by extension 'ignore_ament_install'
[0.174s] Level 1:colcon.colcon_core.package_identification:_identify(.) by extensions ['colcon_pkg']
[0.174s] Level 1:colcon.colcon_core.package_identification:_identify(.) by extension 'colcon_pkg'
[0.174s] Level 1:colcon.colcon_core.package_identification:_identify(.) by extensions ['colcon_meta']
[0.174s] Level 1:colcon.colcon_core.package_identification:_identify(.) by extension 'colcon_meta'
[0.174s] Level 1:colcon.colcon_core.package_identification:_identify(.) by extensions ['ros']
[0.174s] Level 1:colcon.colcon_core.package_identification:_identify(.) by extension 'ros'
[0.183s] Level 1:colcon.colcon_core.package_identification:_identify(.) by extensions ['cmake', 'python']
[0.183s] Level 1:colcon.colcon_core.package_identification:_identify(.) by extension 'cmake'
[0.183s] Level 1:colcon.colcon_core.package_identification:_identify(.) by extension 'python'
[0.183s] Level 1:colcon.colcon_core.package_identification:_identify(.) by extensions ['python_setup_py']
[0.183s] Level 1:colcon.colcon_core.package_identification:_identify(.) by extension 'python_setup_py'
[0.183s] Level 1:colcon.colcon_core.package_identification:_identify(build) by extensions ['ignore', 'ignore_ament_install']
[0.183s] Level 1:colcon.colcon_core.package_identification:_identify(build) by extension 'ignore'
[0.183s] Level 1:colcon.colcon_core.package_identification:_identify(build) ignored
[0.183s] Level 1:colcon.colcon_core.package_identification:_identify(install) by extensions ['ignore', 'ignore_ament_install']
[0.183s] Level 1:colcon.colcon_core.package_identification:_identify(install) by extension 'ignore'
[0.184s] Level 1:colcon.colcon_core.package_identification:_identify(install) ignored
[0.184s] Level 1:colcon.colcon_core.package_identification:_identify(log) by extensions ['ignore', 'ignore_ament_install']
[0.184s] Level 1:colcon.colcon_core.package_identification:_identify(log) by extension 'ignore'
[0.184s] Level 1:colcon.colcon_core.package_identification:_identify(log) ignored
[0.184s] Level 1:colcon.colcon_core.package_identification:_identify(src) by extensions ['ignore', 'ignore_ament_install']
[0.184s] Level 1:colcon.colcon_core.package_identification:_identify(src) by extension 'ignore'
[0.184s] Level 1:colcon.colcon_core.package_identification:_identify(src) by extension 'ignore_ament_install'
[0.184s] Level 1:colcon.colcon_core.package_identification:_identify(src) by extensions ['colcon_pkg']
[0.184s] Level 1:colcon.colcon_core.package_identification:_identify(src) by extension 'colcon_pkg'
[0.184s] Level 1:colcon.colcon_core.package_identification:_identify(src) by extensions ['colcon_meta']
[0.184s] Level 1:colcon.colcon_core.package_identification:_identify(src) by extension 'colcon_meta'
[0.184s] Level 1:colcon.colcon_core.package_identification:_identify(src) by extensions ['ros']
[0.184s] Level 1:colcon.colcon_core.package_identification:_identify(src) by extension 'ros'
[0.184s] Level 1:colcon.colcon_core.package_identification:_identify(src) by extensions ['cmake', 'python']
[0.184s] Level 1:colcon.colcon_core.package_identification:_identify(src) by extension 'cmake'
[0.184s] Level 1:colcon.colcon_core.package_identification:_identify(src) by extension 'python'
[0.184s] Level 1:colcon.colcon_core.package_identification:_identify(src) by extensions ['python_setup_py']
[0.184s] Level 1:colcon.colcon_core.package_identification:_identify(src) by extension 'python_setup_py'
[0.184s] Level 1:colcon.colcon_core.package_identification:_identify(src/ros2-serial) by extensions ['ignore', 'ignore_ament_install']
[0.184s] Level 1:colcon.colcon_core.package_identification:_identify(src/ros2-serial) by extension 'ignore'
[0.184s] Level 1:colcon.colcon_core.package_identification:_identify(src/ros2-serial) by extension 'ignore_ament_install'
[0.185s] Level 1:colcon.colcon_core.package_identification:_identify(src/ros2-serial) by extensions ['colcon_pkg']
[0.185s] Level 1:colcon.colcon_core.package_identification:_identify(src/ros2-serial) by extension 'colcon_pkg'
[0.185s] Level 1:colcon.colcon_core.package_identification:_identify(src/ros2-serial) by extensions ['colcon_meta']
[0.185s] Level 1:colcon.colcon_core.package_identification:_identify(src/ros2-serial) by extension 'colcon_meta'
[0.185s] Level 1:colcon.colcon_core.package_identification:_identify(src/ros2-serial) by extensions ['ros']
[0.185s] Level 1:colcon.colcon_core.package_identification:_identify(src/ros2-serial) by extension 'ros'
[0.186s] DEBUG:colcon.colcon_core.package_identification:Package 'src/ros2-serial' with type 'ros.ament_cmake' and name 'serial'
[0.187s] Level 1:colcon.colcon_core.package_identification:_identify(src/serial_util) by extensions ['ignore', 'ignore_ament_install']
[0.187s] Level 1:colcon.colcon_core.package_identification:_identify(src/serial_util) by extension 'ignore'
[0.187s] Level 1:colcon.colcon_core.package_identification:_identify(src/serial_util) by extension 'ignore_ament_install'
[0.187s] Level 1:colcon.colcon_core.package_identification:_identify(src/serial_util) by extensions ['colcon_pkg']
[0.187s] Level 1:colcon.colcon_core.package_identification:_identify(src/serial_util) by extension 'colcon_pkg'
[0.187s] Level 1:colcon.colcon_core.package_identification:_identify(src/serial_util) by extensions ['colcon_meta']
[0.187s] Level 1:colcon.colcon_core.package_identification:_identify(src/serial_util) by extension 'colcon_meta'
[0.187s] Level 1:colcon.colcon_core.package_identification:_identify(src/serial_util) by extensions ['ros']
[0.187s] Level 1:colcon.colcon_core.package_identification:_identify(src/serial_util) by extension 'ros'
[0.187s] DEBUG:colcon.colcon_core.package_identification:Package 'src/serial_util' with type 'ros.ament_cmake' and name 'serial_util'
[0.187s] Level 1:colcon.colcon_core.package_identification:_identify(src/uv-vision) by extensions ['ignore', 'ignore_ament_install']
[0.187s] Level 1:colcon.colcon_core.package_identification:_identify(src/uv-vision) by extension 'ignore'
[0.188s] Level 1:colcon.colcon_core.package_identification:_identify(src/uv-vision) by extension 'ignore_ament_install'
[0.188s] Level 1:colcon.colcon_core.package_identification:_identify(src/uv-vision) by extensions ['colcon_pkg']
[0.188s] Level 1:colcon.colcon_core.package_identification:_identify(src/uv-vision) by extension 'colcon_pkg'
[0.188s] Level 1:colcon.colcon_core.package_identification:_identify(src/uv-vision) by extensions ['colcon_meta']
[0.188s] Level 1:colcon.colcon_core.package_identification:_identify(src/uv-vision) by extension 'colcon_meta'
[0.188s] Level 1:colcon.colcon_core.package_identification:_identify(src/uv-vision) by extensions ['ros']
[0.188s] Level 1:colcon.colcon_core.package_identification:_identify(src/uv-vision) by extension 'ros'
[0.188s] DEBUG:colcon.colcon_core.package_identification:Package 'src/uv-vision' with type 'ros.ament_cmake' and name 'uv-vision'
[0.188s] Level 1:colcon.colcon_core.package_discovery:discover_packages(recursive) using defaults
[0.188s] Level 1:colcon.colcon_core.package_discovery:discover_packages(ignore) discover
[0.188s] Level 1:colcon.colcon_core.package_discovery:discover_packages(ignore) using defaults
[0.188s] Level 1:colcon.colcon_core.package_discovery:discover_packages(path) discover
[0.188s] Level 1:colcon.colcon_core.package_discovery:discover_packages(path) using defaults
[0.203s] Level 5:colcon.colcon_core.verb:set package 'serial' build argument 'cmake_args' from command line to 'None'
[0.203s] Level 5:colcon.colcon_core.verb:set package 'serial' build argument 'cmake_target' from command line to 'None'
[0.203s] Level 5:colcon.colcon_core.verb:set package 'serial' build argument 'cmake_target_skip_unavailable' from command line to 'False'
[0.203s] Level 5:colcon.colcon_core.verb:set package 'serial' build argument 'cmake_clean_cache' from command line to 'False'
[0.203s] Level 5:colcon.colcon_core.verb:set package 'serial' build argument 'cmake_clean_first' from command line to 'False'
[0.203s] Level 5:colcon.colcon_core.verb:set package 'serial' build argument 'cmake_force_configure' from command line to 'False'
[0.203s] Level 5:colcon.colcon_core.verb:set package 'serial' build argument 'ament_cmake_args' from command line to 'None'
[0.203s] Level 5:colcon.colcon_core.verb:set package 'serial' build argument 'catkin_cmake_args' from command line to 'None'
[0.203s] Level 5:colcon.colcon_core.verb:set package 'serial' build argument 'catkin_skip_building_tests' from command line to 'False'
[0.203s] DEBUG:colcon.colcon_core.verb:Building package 'serial' with the following arguments: {'ament_cmake_args': None, 'build_base': '/workspaces/reuv/re-uv_ws/build/serial', 'catkin_cmake_args': None, 'catkin_skip_building_tests': False, 'cmake_args': None, 'cmake_clean_cache': False, 'cmake_clean_first': False, 'cmake_force_configure': False, 'cmake_target': None, 'cmake_target_skip_unavailable': False, 'install_base': '/workspaces/reuv/re-uv_ws/install/serial', 'merge_install': False, 'path': '/workspaces/reuv/re-uv_ws/src/ros2-serial', 'symlink_install': True, 'test_result_base': None}
[0.204s] Level 5:colcon.colcon_core.verb:set package 'uv-vision' build argument 'cmake_args' from command line to 'None'
[0.204s] Level 5:colcon.colcon_core.verb:set package 'uv-vision' build argument 'cmake_target' from command line to 'None'
[0.204s] Level 5:colcon.colcon_core.verb:set package 'uv-vision' build argument 'cmake_target_skip_unavailable' from command line to 'False'
[0.204s] Level 5:colcon.colcon_core.verb:set package 'uv-vision' build argument 'cmake_clean_cache' from command line to 'False'
[0.204s] Level 5:colcon.colcon_core.verb:set package 'uv-vision' build argument 'cmake_clean_first' from command line to 'False'
[0.204s] Level 5:colcon.colcon_core.verb:set package 'uv-vision' build argument 'cmake_force_configure' from command line to 'False'
[0.204s] Level 5:colcon.colcon_core.verb:set package 'uv-vision' build argument 'ament_cmake_args' from command line to 'None'
[0.204s] Level 5:colcon.colcon_core.verb:set package 'uv-vision' build argument 'catkin_cmake_args' from command line to 'None'
[0.204s] Level 5:colcon.colcon_core.verb:set package 'uv-vision' build argument 'catkin_skip_building_tests' from command line to 'False'
[0.204s] DEBUG:colcon.colcon_core.verb:Building package 'uv-vision' with the following arguments: {'ament_cmake_args': None, 'build_base': '/workspaces/reuv/re-uv_ws/build/uv-vision', 'catkin_cmake_args': None, 'catkin_skip_building_tests': False, 'cmake_args': None, 'cmake_clean_cache': False, 'cmake_clean_first': False, 'cmake_force_configure': False, 'cmake_target': None, 'cmake_target_skip_unavailable': False, 'install_base': '/workspaces/reuv/re-uv_ws/install/uv-vision', 'merge_install': False, 'path': '/workspaces/reuv/re-uv_ws/src/uv-vision', 'symlink_install': True, 'test_result_base': None}
[0.204s] Level 5:colcon.colcon_core.verb:set package 'serial_util' build argument 'cmake_args' from command line to 'None'
[0.204s] Level 5:colcon.colcon_core.verb:set package 'serial_util' build argument 'cmake_target' from command line to 'None'
[0.204s] Level 5:colcon.colcon_core.verb:set package 'serial_util' build argument 'cmake_target_skip_unavailable' from command line to 'False'
[0.204s] Level 5:colcon.colcon_core.verb:set package 'serial_util' build argument 'cmake_clean_cache' from command line to 'False'
[0.204s] Level 5:colcon.colcon_core.verb:set package 'serial_util' build argument 'cmake_clean_first' from command line to 'False'
[0.204s] Level 5:colcon.colcon_core.verb:set package 'serial_util' build argument 'cmake_force_configure' from command line to 'False'
[0.204s] Level 5:colcon.colcon_core.verb:set package 'serial_util' build argument 'ament_cmake_args' from command line to 'None'
[0.204s] Level 5:colcon.colcon_core.verb:set package 'serial_util' build argument 'catkin_cmake_args' from command line to 'None'
[0.204s] Level 5:colcon.colcon_core.verb:set package 'serial_util' build argument 'catkin_skip_building_tests' from command line to 'False'
[0.204s] DEBUG:colcon.colcon_core.verb:Building package 'serial_util' with the following arguments: {'ament_cmake_args': None, 'build_base': '/workspaces/reuv/re-uv_ws/build/serial_util', 'catkin_cmake_args': None, 'catkin_skip_building_tests': False, 'cmake_args': None, 'cmake_clean_cache': False, 'cmake_clean_first': False, 'cmake_force_configure': False, 'cmake_target': None, 'cmake_target_skip_unavailable': False, 'install_base': '/workspaces/reuv/re-uv_ws/install/serial_util', 'merge_install': False, 'path': '/workspaces/reuv/re-uv_ws/src/serial_util', 'symlink_install': True, 'test_result_base': None}
[0.204s] INFO:colcon.colcon_core.executor:Executing jobs using 'parallel' executor
[0.205s] DEBUG:colcon.colcon_parallel_executor.executor.parallel:run_until_complete
[0.205s] INFO:colcon.colcon_ros.task.ament_cmake.build:Building ROS package in '/workspaces/reuv/re-uv_ws/src/ros2-serial' with build type 'ament_cmake'
[0.206s] INFO:colcon.colcon_cmake.task.cmake.build:Building CMake package in '/workspaces/reuv/re-uv_ws/src/ros2-serial'
[0.207s] INFO:colcon.colcon_core.plugin_system:Skipping extension 'colcon_core.shell.bat': Not used on non-Windows systems
[0.207s] INFO:colcon.colcon_core.shell:Skip shell extension 'powershell' for command environment: Not usable outside of PowerShell
[0.207s] DEBUG:colcon.colcon_core.shell:Skip shell extension 'dsv' for command environment
[0.211s] INFO:colcon.colcon_ros.task.ament_cmake.build:Building ROS package in '/workspaces/reuv/re-uv_ws/src/uv-vision' with build type 'ament_cmake'
[0.211s] INFO:colcon.colcon_cmake.task.cmake.build:Building CMake package in '/workspaces/reuv/re-uv_ws/src/uv-vision'
[0.211s] INFO:colcon.colcon_core.shell:Skip shell extension 'powershell' for command environment: Not usable outside of PowerShell
[0.211s] DEBUG:colcon.colcon_core.shell:Skip shell extension 'dsv' for command environment
[0.217s] DEBUG:colcon.colcon_core.event_handler.log_command:Invoking command in '/workspaces/reuv/re-uv_ws/build/serial': CMAKE_PREFIX_PATH=${CMAKE_PREFIX_PATH}:/opt/ros/humble /usr/bin/cmake /workspaces/reuv/re-uv_ws/src/ros2-serial -DAMENT_CMAKE_SYMLINK_INSTALL=1 -DCMAKE_INSTALL_PREFIX=/workspaces/reuv/re-uv_ws/install/serial
[0.220s] DEBUG:colcon.colcon_core.event_handler.log_command:Invoking command in '/workspaces/reuv/re-uv_ws/build/uv-vision': CMAKE_PREFIX_PATH=${CMAKE_PREFIX_PATH}:/opt/ros/humble /usr/bin/cmake /workspaces/reuv/re-uv_ws/src/uv-vision -DAMENT_CMAKE_SYMLINK_INSTALL=1 -DCMAKE_INSTALL_PREFIX=/workspaces/reuv/re-uv_ws/install/uv-vision
[0.384s] DEBUG:colcon.colcon_core.event_handler.log_command:Invoked command in '/workspaces/reuv/re-uv_ws/build/serial' returned '0': CMAKE_PREFIX_PATH=${CMAKE_PREFIX_PATH}:/opt/ros/humble /usr/bin/cmake /workspaces/reuv/re-uv_ws/src/ros2-serial -DAMENT_CMAKE_SYMLINK_INSTALL=1 -DCMAKE_INSTALL_PREFIX=/workspaces/reuv/re-uv_ws/install/serial
[0.386s] DEBUG:colcon.colcon_core.event_handler.log_command:Invoking command in '/workspaces/reuv/re-uv_ws/build/serial': CMAKE_PREFIX_PATH=${CMAKE_PREFIX_PATH}:/opt/ros/humble /usr/bin/cmake --build /workspaces/reuv/re-uv_ws/build/serial -- -j16 -l16
[0.449s] DEBUG:colcon.colcon_core.event_handler.log_command:Invoked command in '/workspaces/reuv/re-uv_ws/build/serial' returned '0': CMAKE_PREFIX_PATH=${CMAKE_PREFIX_PATH}:/opt/ros/humble /usr/bin/cmake --build /workspaces/reuv/re-uv_ws/build/serial -- -j16 -l16
[0.484s] DEBUG:colcon.colcon_core.event_handler.log_command:Invoking command in '/workspaces/reuv/re-uv_ws/build/serial': CMAKE_PREFIX_PATH=${CMAKE_PREFIX_PATH}:/opt/ros/humble /usr/bin/cmake --install /workspaces/reuv/re-uv_ws/build/serial
[0.693s] Level 1:colcon.colcon_core.environment:create_environment_scripts_only(serial)
[0.693s] DEBUG:colcon.colcon_core.event_handler.log_command:Invoked command in '/workspaces/reuv/re-uv_ws/build/serial' returned '0': CMAKE_PREFIX_PATH=${CMAKE_PREFIX_PATH}:/opt/ros/humble /usr/bin/cmake --install /workspaces/reuv/re-uv_ws/build/serial
[0.695s] Level 1:colcon.colcon_core.environment:checking '/workspaces/reuv/re-uv_ws/install/serial' for CMake module files
[0.696s] Level 1:colcon.colcon_core.environment:checking '/workspaces/reuv/re-uv_ws/install/serial' for CMake config files
[0.696s] Level 1:colcon.colcon_core.shell:create_environment_hook('serial', 'cmake_prefix_path')
[0.696s] INFO:colcon.colcon_core.shell:Creating environment hook '/workspaces/reuv/re-uv_ws/install/serial/share/serial/hook/cmake_prefix_path.ps1'
[0.697s] INFO:colcon.colcon_core.shell:Creating environment descriptor '/workspaces/reuv/re-uv_ws/install/serial/share/serial/hook/cmake_prefix_path.dsv'
[0.697s] INFO:colcon.colcon_core.shell:Creating environment hook '/workspaces/reuv/re-uv_ws/install/serial/share/serial/hook/cmake_prefix_path.sh'
[0.698s] Level 1:colcon.colcon_core.environment:checking '/workspaces/reuv/re-uv_ws/install/serial/lib'
[0.698s] Level 1:colcon.colcon_core.shell:create_environment_hook('serial', 'ld_library_path_lib')
[0.698s] INFO:colcon.colcon_core.shell:Creating environment hook '/workspaces/reuv/re-uv_ws/install/serial/share/serial/hook/ld_library_path_lib.ps1'
[0.699s] INFO:colcon.colcon_core.shell:Creating environment descriptor '/workspaces/reuv/re-uv_ws/install/serial/share/serial/hook/ld_library_path_lib.dsv'
[0.699s] INFO:colcon.colcon_core.shell:Creating environment hook '/workspaces/reuv/re-uv_ws/install/serial/share/serial/hook/ld_library_path_lib.sh'
[0.699s] Level 1:colcon.colcon_core.environment:checking '/workspaces/reuv/re-uv_ws/install/serial/bin'
[0.699s] Level 1:colcon.colcon_core.environment:checking '/workspaces/reuv/re-uv_ws/install/serial/lib/pkgconfig/serial.pc'
[0.701s] Level 1:colcon.colcon_core.environment:checking '/workspaces/reuv/re-uv_ws/install/serial/lib/python3.10/site-packages'
[0.701s] Level 1:colcon.colcon_core.environment:checking '/workspaces/reuv/re-uv_ws/install/serial/bin'
[0.702s] INFO:colcon.colcon_core.shell:Creating package script '/workspaces/reuv/re-uv_ws/install/serial/share/serial/package.ps1'
[0.702s] INFO:colcon.colcon_core.shell:Creating package descriptor '/workspaces/reuv/re-uv_ws/install/serial/share/serial/package.dsv'
[0.703s] INFO:colcon.colcon_core.shell:Creating package script '/workspaces/reuv/re-uv_ws/install/serial/share/serial/package.sh'
[0.703s] INFO:colcon.colcon_core.shell:Creating package script '/workspaces/reuv/re-uv_ws/install/serial/share/serial/package.bash'
[0.704s] INFO:colcon.colcon_core.shell:Creating package script '/workspaces/reuv/re-uv_ws/install/serial/share/serial/package.zsh'
[0.704s] Level 1:colcon.colcon_core.environment:create_file_with_runtime_dependencies(/workspaces/reuv/re-uv_ws/install/serial/share/colcon-core/packages/serial)
[0.731s] Level 1:colcon.colcon_core.environment:create_environment_scripts_only(serial)
[0.731s] Level 1:colcon.colcon_core.environment:checking '/workspaces/reuv/re-uv_ws/install/serial' for CMake module files
[0.732s] Level 1:colcon.colcon_core.environment:checking '/workspaces/reuv/re-uv_ws/install/serial' for CMake config files
[0.732s] Level 1:colcon.colcon_core.shell:create_environment_hook('serial', 'cmake_prefix_path')
[0.732s] INFO:colcon.colcon_core.shell:Creating environment hook '/workspaces/reuv/re-uv_ws/install/serial/share/serial/hook/cmake_prefix_path.ps1'
[0.733s] INFO:colcon.colcon_core.shell:Creating environment descriptor '/workspaces/reuv/re-uv_ws/install/serial/share/serial/hook/cmake_prefix_path.dsv'
[0.733s] INFO:colcon.colcon_core.shell:Creating environment hook '/workspaces/reuv/re-uv_ws/install/serial/share/serial/hook/cmake_prefix_path.sh'
[0.734s] Level 1:colcon.colcon_core.environment:checking '/workspaces/reuv/re-uv_ws/install/serial/lib'
[0.734s] Level 1:colcon.colcon_core.shell:create_environment_hook('serial', 'ld_library_path_lib')
[0.734s] INFO:colcon.colcon_core.shell:Creating environment hook '/workspaces/reuv/re-uv_ws/install/serial/share/serial/hook/ld_library_path_lib.ps1'
[0.734s] INFO:colcon.colcon_core.shell:Creating environment descriptor '/workspaces/reuv/re-uv_ws/install/serial/share/serial/hook/ld_library_path_lib.dsv'
[0.734s] INFO:colcon.colcon_core.shell:Creating environment hook '/workspaces/reuv/re-uv_ws/install/serial/share/serial/hook/ld_library_path_lib.sh'
[0.735s] Level 1:colcon.colcon_core.environment:checking '/workspaces/reuv/re-uv_ws/install/serial/bin'
[0.735s] Level 1:colcon.colcon_core.environment:checking '/workspaces/reuv/re-uv_ws/install/serial/lib/pkgconfig/serial.pc'
[0.735s] Level 1:colcon.colcon_core.environment:checking '/workspaces/reuv/re-uv_ws/install/serial/lib/python3.10/site-packages'
[0.735s] Level 1:colcon.colcon_core.environment:checking '/workspaces/reuv/re-uv_ws/install/serial/bin'
[0.735s] INFO:colcon.colcon_core.shell:Creating package script '/workspaces/reuv/re-uv_ws/install/serial/share/serial/package.ps1'
[0.736s] INFO:colcon.colcon_core.shell:Creating package descriptor '/workspaces/reuv/re-uv_ws/install/serial/share/serial/package.dsv'
[0.736s] INFO:colcon.colcon_core.shell:Creating package script '/workspaces/reuv/re-uv_ws/install/serial/share/serial/package.sh'
[0.737s] INFO:colcon.colcon_core.shell:Creating package script '/workspaces/reuv/re-uv_ws/install/serial/share/serial/package.bash'
[0.737s] INFO:colcon.colcon_core.shell:Creating package script '/workspaces/reuv/re-uv_ws/install/serial/share/serial/package.zsh'
[0.737s] Level 1:colcon.colcon_core.environment:create_file_with_runtime_dependencies(/workspaces/reuv/re-uv_ws/install/serial/share/colcon-core/packages/serial)
[0.738s] INFO:colcon.colcon_ros.task.ament_cmake.build:Building ROS package in '/workspaces/reuv/re-uv_ws/src/serial_util' with build type 'ament_cmake'
[0.738s] INFO:colcon.colcon_cmake.task.cmake.build:Building CMake package in '/workspaces/reuv/re-uv_ws/src/serial_util'
[0.738s] INFO:colcon.colcon_core.shell:Skip shell extension 'powershell' for command environment: Not usable outside of PowerShell
[0.739s] DEBUG:colcon.colcon_core.shell:Skip shell extension 'dsv' for command environment
[0.749s] DEBUG:colcon.colcon_core.event_handler.log_command:Invoking command in '/workspaces/reuv/re-uv_ws/build/serial_util': CMAKE_PREFIX_PATH=/workspaces/reuv/re-uv_ws/install/serial:/workspaces/reuv/re-uv_ws/install/uv-vision:/workspaces/reuv/re-uv_ws/install/serial_util:/opt/ros/humble /usr/bin/cmake /workspaces/reuv/re-uv_ws/src/serial_util -DAMENT_CMAKE_SYMLINK_INSTALL=1 -DCMAKE_INSTALL_PREFIX=/workspaces/reuv/re-uv_ws/install/serial_util
[0.749s] DEBUG:colcon.colcon_core.event_handler.log_command:Invoked command in '/workspaces/reuv/re-uv_ws/build/uv-vision' returned '0': CMAKE_PREFIX_PATH=${CMAKE_PREFIX_PATH}:/opt/ros/humble /usr/bin/cmake /workspaces/reuv/re-uv_ws/src/uv-vision -DAMENT_CMAKE_SYMLINK_INSTALL=1 -DCMAKE_INSTALL_PREFIX=/workspaces/reuv/re-uv_ws/install/uv-vision
[0.750s] DEBUG:colcon.colcon_core.event_handler.log_command:Invoking command in '/workspaces/reuv/re-uv_ws/build/uv-vision': CMAKE_PREFIX_PATH=${CMAKE_PREFIX_PATH}:/opt/ros/humble /usr/bin/cmake --build /workspaces/reuv/re-uv_ws/build/uv-vision -- -j16 -l16
[0.924s] DEBUG:colcon.colcon_core.event_handler.log_command:Invoked command in '/workspaces/reuv/re-uv_ws/build/serial_util' returned '0': CMAKE_PREFIX_PATH=/workspaces/reuv/re-uv_ws/install/serial:/workspaces/reuv/re-uv_ws/install/uv-vision:/workspaces/reuv/re-uv_ws/install/serial_util:/opt/ros/humble /usr/bin/cmake /workspaces/reuv/re-uv_ws/src/serial_util -DAMENT_CMAKE_SYMLINK_INSTALL=1 -DCMAKE_INSTALL_PREFIX=/workspaces/reuv/re-uv_ws/install/serial_util
[0.925s] DEBUG:colcon.colcon_core.event_handler.log_command:Invoking command in '/workspaces/reuv/re-uv_ws/build/serial_util': CMAKE_PREFIX_PATH=/workspaces/reuv/re-uv_ws/install/serial:/workspaces/reuv/re-uv_ws/install/uv-vision:/workspaces/reuv/re-uv_ws/install/serial_util:/opt/ros/humble /usr/bin/cmake --build /workspaces/reuv/re-uv_ws/build/serial_util -- -j16 -l16
[0.961s] DEBUG:colcon.colcon_core.event_handler.log_command:Invoked command in '/workspaces/reuv/re-uv_ws/build/serial_util' returned '0': CMAKE_PREFIX_PATH=/workspaces/reuv/re-uv_ws/install/serial:/workspaces/reuv/re-uv_ws/install/uv-vision:/workspaces/reuv/re-uv_ws/install/serial_util:/opt/ros/humble /usr/bin/cmake --build /workspaces/reuv/re-uv_ws/build/serial_util -- -j16 -l16
[0.982s] DEBUG:colcon.colcon_core.event_handler.log_command:Invoking command in '/workspaces/reuv/re-uv_ws/build/serial_util': CMAKE_PREFIX_PATH=/workspaces/reuv/re-uv_ws/install/serial:/workspaces/reuv/re-uv_ws/install/uv-vision:/workspaces/reuv/re-uv_ws/install/serial_util:/opt/ros/humble /usr/bin/cmake --install /workspaces/reuv/re-uv_ws/build/serial_util
[1.160s] Level 1:colcon.colcon_core.environment:create_environment_scripts_only(serial_util)
[1.160s] Level 1:colcon.colcon_core.environment:checking '/workspaces/reuv/re-uv_ws/install/serial_util' for CMake module files
[1.161s] DEBUG:colcon.colcon_core.event_handler.log_command:Invoked command in '/workspaces/reuv/re-uv_ws/build/serial_util' returned '0': CMAKE_PREFIX_PATH=/workspaces/reuv/re-uv_ws/install/serial:/workspaces/reuv/re-uv_ws/install/uv-vision:/workspaces/reuv/re-uv_ws/install/serial_util:/opt/ros/humble /usr/bin/cmake --install /workspaces/reuv/re-uv_ws/build/serial_util
[1.161s] Level 1:colcon.colcon_core.environment:checking '/workspaces/reuv/re-uv_ws/install/serial_util' for CMake config files
[1.162s] Level 1:colcon.colcon_core.shell:create_environment_hook('serial_util', 'cmake_prefix_path')
[1.162s] INFO:colcon.colcon_core.shell:Creating environment hook '/workspaces/reuv/re-uv_ws/install/serial_util/share/serial_util/hook/cmake_prefix_path.ps1'
[1.162s] INFO:colcon.colcon_core.shell:Creating environment descriptor '/workspaces/reuv/re-uv_ws/install/serial_util/share/serial_util/hook/cmake_prefix_path.dsv'
[1.162s] INFO:colcon.colcon_core.shell:Creating environment hook '/workspaces/reuv/re-uv_ws/install/serial_util/share/serial_util/hook/cmake_prefix_path.sh'
[1.163s] Level 1:colcon.colcon_core.environment:checking '/workspaces/reuv/re-uv_ws/install/serial_util/bin'
[1.163s] Level 1:colcon.colcon_core.environment:checking '/workspaces/reuv/re-uv_ws/install/serial_util/lib/pkgconfig/serial_util.pc'
[1.163s] Level 1:colcon.colcon_core.environment:checking '/workspaces/reuv/re-uv_ws/install/serial_util/lib/python3.10/site-packages'
[1.163s] Level 1:colcon.colcon_core.environment:checking '/workspaces/reuv/re-uv_ws/install/serial_util/bin'
[1.164s] INFO:colcon.colcon_core.shell:Creating package script '/workspaces/reuv/re-uv_ws/install/serial_util/share/serial_util/package.ps1'
[1.164s] INFO:colcon.colcon_core.shell:Creating package descriptor '/workspaces/reuv/re-uv_ws/install/serial_util/share/serial_util/package.dsv'
[1.164s] INFO:colcon.colcon_core.shell:Creating package script '/workspaces/reuv/re-uv_ws/install/serial_util/share/serial_util/package.sh'
[1.165s] INFO:colcon.colcon_core.shell:Creating package script '/workspaces/reuv/re-uv_ws/install/serial_util/share/serial_util/package.bash'
[1.165s] INFO:colcon.colcon_core.shell:Creating package script '/workspaces/reuv/re-uv_ws/install/serial_util/share/serial_util/package.zsh'
[1.165s] Level 1:colcon.colcon_core.environment:create_file_with_runtime_dependencies(/workspaces/reuv/re-uv_ws/install/serial_util/share/colcon-core/packages/serial_util)
[1.190s] Level 1:colcon.colcon_core.environment:create_environment_scripts_only(serial_util)
[1.190s] Level 1:colcon.colcon_core.environment:checking '/workspaces/reuv/re-uv_ws/install/serial_util' for CMake module files
[1.190s] Level 1:colcon.colcon_core.environment:checking '/workspaces/reuv/re-uv_ws/install/serial_util' for CMake config files
[1.191s] Level 1:colcon.colcon_core.shell:create_environment_hook('serial_util', 'cmake_prefix_path')
[1.191s] INFO:colcon.colcon_core.shell:Creating environment hook '/workspaces/reuv/re-uv_ws/install/serial_util/share/serial_util/hook/cmake_prefix_path.ps1'
[1.191s] INFO:colcon.colcon_core.shell:Creating environment descriptor '/workspaces/reuv/re-uv_ws/install/serial_util/share/serial_util/hook/cmake_prefix_path.dsv'
[1.191s] INFO:colcon.colcon_core.shell:Creating environment hook '/workspaces/reuv/re-uv_ws/install/serial_util/share/serial_util/hook/cmake_prefix_path.sh'
[1.192s] Level 1:colcon.colcon_core.environment:checking '/workspaces/reuv/re-uv_ws/install/serial_util/bin'
[1.192s] Level 1:colcon.colcon_core.environment:checking '/workspaces/reuv/re-uv_ws/install/serial_util/lib/pkgconfig/serial_util.pc'
[1.192s] Level 1:colcon.colcon_core.environment:checking '/workspaces/reuv/re-uv_ws/install/serial_util/lib/python3.10/site-packages'
[1.192s] Level 1:colcon.colcon_core.environment:checking '/workspaces/reuv/re-uv_ws/install/serial_util/bin'
[1.192s] INFO:colcon.colcon_core.shell:Creating package script '/workspaces/reuv/re-uv_ws/install/serial_util/share/serial_util/package.ps1'
[1.193s] INFO:colcon.colcon_core.shell:Creating package descriptor '/workspaces/reuv/re-uv_ws/install/serial_util/share/serial_util/package.dsv'
[1.193s] INFO:colcon.colcon_core.shell:Creating package script '/workspaces/reuv/re-uv_ws/install/serial_util/share/serial_util/package.sh'
[1.194s] INFO:colcon.colcon_core.shell:Creating package script '/workspaces/reuv/re-uv_ws/install/serial_util/share/serial_util/package.bash'
[1.194s] INFO:colcon.colcon_core.shell:Creating package script '/workspaces/reuv/re-uv_ws/install/serial_util/share/serial_util/package.zsh'
[1.194s] Level 1:colcon.colcon_core.environment:create_file_with_runtime_dependencies(/workspaces/reuv/re-uv_ws/install/serial_util/share/colcon-core/packages/serial_util)
[1.283s] DEBUG:colcon.colcon_core.event_handler.log_command:Invoked command in '/workspaces/reuv/re-uv_ws/build/uv-vision' returned '0': CMAKE_PREFIX_PATH=${CMAKE_PREFIX_PATH}:/opt/ros/humble /usr/bin/cmake --build /workspaces/reuv/re-uv_ws/build/uv-vision -- -j16 -l16
[1.306s] DEBUG:colcon.colcon_core.event_handler.log_command:Invoking command in '/workspaces/reuv/re-uv_ws/build/uv-vision': CMAKE_PREFIX_PATH=${CMAKE_PREFIX_PATH}:/opt/ros/humble /usr/bin/cmake --install /workspaces/reuv/re-uv_ws/build/uv-vision
[1.439s] Level 1:colcon.colcon_core.environment:create_environment_scripts_only(uv-vision)
[1.439s] Level 1:colcon.colcon_core.environment:checking '/workspaces/reuv/re-uv_ws/install/uv-vision' for CMake module files
[1.440s] DEBUG:colcon.colcon_core.event_handler.log_command:Invoked command in '/workspaces/reuv/re-uv_ws/build/uv-vision' returned '0': CMAKE_PREFIX_PATH=${CMAKE_PREFIX_PATH}:/opt/ros/humble /usr/bin/cmake --install /workspaces/reuv/re-uv_ws/build/uv-vision
[1.440s] Level 1:colcon.colcon_core.environment:checking '/workspaces/reuv/re-uv_ws/install/uv-vision' for CMake config files
[1.441s] Level 1:colcon.colcon_core.shell:create_environment_hook('uv-vision', 'cmake_prefix_path')
[1.441s] INFO:colcon.colcon_core.shell:Creating environment hook '/workspaces/reuv/re-uv_ws/install/uv-vision/share/uv-vision/hook/cmake_prefix_path.ps1'
[1.441s] INFO:colcon.colcon_core.shell:Creating environment descriptor '/workspaces/reuv/re-uv_ws/install/uv-vision/share/uv-vision/hook/cmake_prefix_path.dsv'
[1.441s] INFO:colcon.colcon_core.shell:Creating environment hook '/workspaces/reuv/re-uv_ws/install/uv-vision/share/uv-vision/hook/cmake_prefix_path.sh'
[1.442s] Level 1:colcon.colcon_core.environment:checking '/workspaces/reuv/re-uv_ws/install/uv-vision/lib'
[1.442s] Level 1:colcon.colcon_core.environment:checking '/workspaces/reuv/re-uv_ws/install/uv-vision/bin'
[1.442s] Level 1:colcon.colcon_core.environment:checking '/workspaces/reuv/re-uv_ws/install/uv-vision/lib/pkgconfig/uv-vision.pc'
[1.442s] Level 1:colcon.colcon_core.environment:checking '/workspaces/reuv/re-uv_ws/install/uv-vision/lib/python3.10/site-packages'
[1.442s] Level 1:colcon.colcon_core.environment:checking '/workspaces/reuv/re-uv_ws/install/uv-vision/bin'
[1.442s] INFO:colcon.colcon_core.shell:Creating package script '/workspaces/reuv/re-uv_ws/install/uv-vision/share/uv-vision/package.ps1'
[1.443s] INFO:colcon.colcon_core.shell:Creating package descriptor '/workspaces/reuv/re-uv_ws/install/uv-vision/share/uv-vision/package.dsv'
[1.443s] INFO:colcon.colcon_core.shell:Creating package script '/workspaces/reuv/re-uv_ws/install/uv-vision/share/uv-vision/package.sh'
[1.443s] INFO:colcon.colcon_core.shell:Creating package script '/workspaces/reuv/re-uv_ws/install/uv-vision/share/uv-vision/package.bash'
[1.443s] INFO:colcon.colcon_core.shell:Creating package script '/workspaces/reuv/re-uv_ws/install/uv-vision/share/uv-vision/package.zsh'
[1.444s] Level 1:colcon.colcon_core.environment:create_file_with_runtime_dependencies(/workspaces/reuv/re-uv_ws/install/uv-vision/share/colcon-core/packages/uv-vision)
[1.466s] Level 1:colcon.colcon_core.environment:create_environment_scripts_only(uv-vision)
[1.466s] Level 1:colcon.colcon_core.environment:checking '/workspaces/reuv/re-uv_ws/install/uv-vision' for CMake module files
[1.466s] Level 1:colcon.colcon_core.environment:checking '/workspaces/reuv/re-uv_ws/install/uv-vision' for CMake config files
[1.467s] Level 1:colcon.colcon_core.shell:create_environment_hook('uv-vision', 'cmake_prefix_path')
[1.467s] INFO:colcon.colcon_core.shell:Creating environment hook '/workspaces/reuv/re-uv_ws/install/uv-vision/share/uv-vision/hook/cmake_prefix_path.ps1'
[1.467s] INFO:colcon.colcon_core.shell:Creating environment descriptor '/workspaces/reuv/re-uv_ws/install/uv-vision/share/uv-vision/hook/cmake_prefix_path.dsv'
[1.467s] INFO:colcon.colcon_core.shell:Creating environment hook '/workspaces/reuv/re-uv_ws/install/uv-vision/share/uv-vision/hook/cmake_prefix_path.sh'
[1.468s] Level 1:colcon.colcon_core.environment:checking '/workspaces/reuv/re-uv_ws/install/uv-vision/lib'
[1.468s] Level 1:colcon.colcon_core.environment:checking '/workspaces/reuv/re-uv_ws/install/uv-vision/bin'
[1.468s] Level 1:colcon.colcon_core.environment:checking '/workspaces/reuv/re-uv_ws/install/uv-vision/lib/pkgconfig/uv-vision.pc'
[1.468s] Level 1:colcon.colcon_core.environment:checking '/workspaces/reuv/re-uv_ws/install/uv-vision/lib/python3.10/site-packages'
[1.468s] Level 1:colcon.colcon_core.environment:checking '/workspaces/reuv/re-uv_ws/install/uv-vision/bin'
[1.468s] INFO:colcon.colcon_core.shell:Creating package script '/workspaces/reuv/re-uv_ws/install/uv-vision/share/uv-vision/package.ps1'
[1.469s] INFO:colcon.colcon_core.shell:Creating package descriptor '/workspaces/reuv/re-uv_ws/install/uv-vision/share/uv-vision/package.dsv'
[1.469s] INFO:colcon.colcon_core.shell:Creating package script '/workspaces/reuv/re-uv_ws/install/uv-vision/share/uv-vision/package.sh'
[1.469s] INFO:colcon.colcon_core.shell:Creating package script '/workspaces/reuv/re-uv_ws/install/uv-vision/share/uv-vision/package.bash'
[1.470s] INFO:colcon.colcon_core.shell:Creating package script '/workspaces/reuv/re-uv_ws/install/uv-vision/share/uv-vision/package.zsh'
[1.470s] Level 1:colcon.colcon_core.environment:create_file_with_runtime_dependencies(/workspaces/reuv/re-uv_ws/install/uv-vision/share/colcon-core/packages/uv-vision)
[1.470s] DEBUG:colcon.colcon_parallel_executor.executor.parallel:closing loop
[1.470s] DEBUG:colcon.colcon_parallel_executor.executor.parallel:loop closed
[1.470s] DEBUG:colcon.colcon_parallel_executor.executor.parallel:run_until_complete finished with '0'
[1.471s] DEBUG:colcon.colcon_core.event_reactor:joining thread
[1.475s] INFO:colcon.colcon_core.plugin_system:Skipping extension 'colcon_notification.desktop_notification.notify_send': Could not find 'notify-send'
[1.475s] INFO:colcon.colcon_core.plugin_system:Skipping extension 'colcon_notification.desktop_notification.terminal_notifier': Not used on non-Darwin systems
[1.475s] INFO:colcon.colcon_core.plugin_system:Skipping extension 'colcon_notification.desktop_notification.win32': Not used on non-Windows systems
[1.475s] INFO:colcon.colcon_notification.desktop_notification:Sending desktop notification using 'notify2'
[1.477s] DEBUG:colcon.colcon_notification.desktop_notification.notify2:Failed to initialize notify2: org.freedesktop.DBus.Error.Spawn.ExecFailed: /usr/bin/dbus-launch terminated abnormally without any error message
[1.477s] DEBUG:colcon.colcon_core.event_reactor:joined thread
[1.478s] INFO:colcon.colcon_core.shell:Creating prefix script '/workspaces/reuv/re-uv_ws/install/local_setup.ps1'
[1.479s] INFO:colcon.colcon_core.shell:Creating prefix util module '/workspaces/reuv/re-uv_ws/install/_local_setup_util_ps1.py'
[1.480s] INFO:colcon.colcon_core.shell:Creating prefix chain script '/workspaces/reuv/re-uv_ws/install/setup.ps1'
[1.481s] INFO:colcon.colcon_core.shell:Creating prefix script '/workspaces/reuv/re-uv_ws/install/local_setup.sh'
[1.481s] INFO:colcon.colcon_core.shell:Creating prefix util module '/workspaces/reuv/re-uv_ws/install/_local_setup_util_sh.py'
[1.482s] INFO:colcon.colcon_core.shell:Creating prefix chain script '/workspaces/reuv/re-uv_ws/install/setup.sh'
[1.483s] INFO:colcon.colcon_core.shell:Creating prefix script '/workspaces/reuv/re-uv_ws/install/local_setup.bash'
[1.483s] INFO:colcon.colcon_core.shell:Creating prefix chain script '/workspaces/reuv/re-uv_ws/install/setup.bash'
[1.484s] INFO:colcon.colcon_core.shell:Creating prefix script '/workspaces/reuv/re-uv_ws/install/local_setup.zsh'
[1.484s] INFO:colcon.colcon_core.shell:Creating prefix chain script '/workspaces/reuv/re-uv_ws/install/setup.zsh'
