[0.009s] Invoking command in '/workspaces/reuv/re-uv_ws/build/uv-vision': CMAKE_PREFIX_PATH=/opt/ros/humble /usr/bin/cmake --build /workspaces/reuv/re-uv_ws/build/uv-vision -- -j16 -l16
[0.028s] -- Found ament_cmake: 1.3.8 (/opt/ros/humble/share/ament_cmake/cmake)
[0.116s] -- Found rclcpp: 16.0.8 (/opt/ros/humble/share/rclcpp/cmake)
[0.138s] -- Found rosidl_generator_c: 3.1.5 (/opt/ros/humble/share/rosidl_generator_c/cmake)
[0.140s] -- Found rosidl_adapter: 3.1.5 (/opt/ros/humble/share/rosidl_adapter/cmake)
[0.144s] -- Found rosidl_generator_cpp: 3.1.5 (/opt/ros/humble/share/rosidl_generator_cpp/cmake)
[0.153s] -- Using all available rosidl_typesupport_c: rosidl_typesupport_fastrtps_c;rosidl_typesupport_introspection_c
[0.165s] -- Using all available rosidl_typesupport_cpp: rosidl_typesupport_fastrtps_cpp;rosidl_typesupport_introspection_cpp
[0.209s] -- Found rmw_implementation_cmake: 6.1.1 (/opt/ros/humble/share/rmw_implementation_cmake/cmake)
[0.210s] -- Found rmw_fastrtps_cpp: 6.2.6 (/opt/ros/humble/share/rmw_fastrtps_cpp/cmake)
[0.315s] -- Using RMW implementation 'rmw_fastrtps_cpp' as default
[0.447s] [31mCMake Error at CMakeLists.txt:13 (find_package):
[0.447s]   By not providing "Findserial_util.cmake" in CMAKE_MODULE_PATH this project
[0.447s]   has asked CMake to find a package configuration file provided by
[0.447s]   "serial_util", but CMake did not find one.
[0.447s] 
[0.447s]   Could not find a package configuration file provided by "serial_util" with
[0.448s]   any of the following names:
[0.448s] 
[0.448s]     serial_utilConfig.cmake
[0.448s]     serial_util-config.cmake
[0.448s] 
[0.448s]   Add the installation prefix of "serial_util" to CMAKE_PREFIX_PATH or set
[0.448s]   "serial_util_DIR" to a directory containing one of the above files.  If
[0.448s]   "serial_util" provides a separate development package or SDK, be sure it
[0.448s]   has been installed.
[0.448s] 
[0.448s] [0m
[0.448s] -- Configuring incomplete, errors occurred!
[0.448s] See also "/workspaces/reuv/re-uv_ws/build/uv-vision/CMakeFiles/CMakeOutput.log".
[0.453s] gmake: *** [Makefile:226: cmake_check_build_system] Error 1
[0.456s] Invoked command in '/workspaces/reuv/re-uv_ws/build/uv-vision' returned '2': CMAKE_PREFIX_PATH=/opt/ros/humble /usr/bin/cmake --build /workspaces/reuv/re-uv_ws/build/uv-vision -- -j16 -l16
