[0.086s] DEBUG:colcon:Command line arguments: ['/usr/bin/colcon', 'build']
[0.086s] DEBUG:colcon:Parsed command line arguments: Namespace(log_base=None, log_level=None, verb_name='build', build_base='build', install_base='install', merge_install=False, symlink_install=False, test_result_base=None, continue_on_error=False, executor='parallel', parallel_workers=16, event_handlers=None, ignore_user_meta=False, metas=['./colcon.meta'], base_paths=['.'], packages_ignore=None, packages_ignore_regex=None, paths=None, packages_up_to=None, packages_up_to_regex=None, packages_above=None, packages_above_and_dependencies=None, packages_above_depth=None, packages_select_by_dep=None, packages_skip_by_dep=None, packages_skip_up_to=None, packages_select_build_failed=False, packages_skip_build_finished=False, packages_select_test_failures=False, packages_skip_test_passed=False, packages_select=None, packages_skip=None, packages_select_regex=None, packages_skip_regex=None, packages_start=None, packages_end=None, cmake_args=None, cmake_target=None, cmake_target_skip_unavailable=False, cmake_clean_cache=False, cmake_clean_first=False, cmake_force_configure=False, ament_cmake_args=None, catkin_cmake_args=None, catkin_skip_building_tests=False, mixin_files=None, mixin=None, verb_parser=<colcon_mixin.mixin.mixin_argument.MixinArgumentDecorator object at 0x7a308ee42530>, verb_extension=<colcon_core.verb.build.BuildVerb object at 0x7a308ef46b60>, main=<bound method BuildVerb.main of <colcon_core.verb.build.BuildVerb object at 0x7a308ef46b60>>, mixin_verb=('build',))
[0.177s] Level 1:colcon.colcon_core.package_discovery:discover_packages(colcon_meta) check parameters
[0.178s] INFO:colcon.colcon_metadata.package_discovery.colcon_meta:Using configuration from '/root/.colcon/metadata/default/Gazebo.meta'
[0.178s] INFO:colcon.colcon_metadata.package_discovery.colcon_meta:Using configuration from '/root/.colcon/metadata/default/fastrtps.meta'
[0.178s] Level 1:colcon.colcon_core.package_discovery:discover_packages(recursive) check parameters
[0.178s] Level 1:colcon.colcon_core.package_discovery:discover_packages(ignore) check parameters
[0.179s] Level 1:colcon.colcon_core.package_discovery:discover_packages(path) check parameters
[0.179s] Level 1:colcon.colcon_core.package_discovery:discover_packages(colcon_meta) discover
[0.179s] Level 1:colcon.colcon_core.package_discovery:discover_packages(recursive) discover
[0.179s] INFO:colcon.colcon_core.package_discovery:Crawling recursively for packages in '/workspaces/reuv/re-uv_ws'
[0.179s] Level 1:colcon.colcon_core.package_identification:_identify(.) by extensions ['ignore', 'ignore_ament_install']
[0.179s] Level 1:colcon.colcon_core.package_identification:_identify(.) by extension 'ignore'
[0.179s] Level 1:colcon.colcon_core.package_identification:_identify(.) by extension 'ignore_ament_install'
[0.179s] Level 1:colcon.colcon_core.package_identification:_identify(.) by extensions ['colcon_pkg']
[0.179s] Level 1:colcon.colcon_core.package_identification:_identify(.) by extension 'colcon_pkg'
[0.179s] Level 1:colcon.colcon_core.package_identification:_identify(.) by extensions ['colcon_meta']
[0.179s] Level 1:colcon.colcon_core.package_identification:_identify(.) by extension 'colcon_meta'
[0.179s] Level 1:colcon.colcon_core.package_identification:_identify(.) by extensions ['ros']
[0.179s] Level 1:colcon.colcon_core.package_identification:_identify(.) by extension 'ros'
[0.188s] Level 1:colcon.colcon_core.package_identification:_identify(.) by extensions ['cmake', 'python']
[0.188s] Level 1:colcon.colcon_core.package_identification:_identify(.) by extension 'cmake'
[0.188s] Level 1:colcon.colcon_core.package_identification:_identify(.) by extension 'python'
[0.188s] Level 1:colcon.colcon_core.package_identification:_identify(.) by extensions ['python_setup_py']
[0.188s] Level 1:colcon.colcon_core.package_identification:_identify(.) by extension 'python_setup_py'
[0.188s] Level 1:colcon.colcon_core.package_identification:_identify(build) by extensions ['ignore', 'ignore_ament_install']
[0.188s] Level 1:colcon.colcon_core.package_identification:_identify(build) by extension 'ignore'
[0.188s] Level 1:colcon.colcon_core.package_identification:_identify(build) ignored
[0.188s] Level 1:colcon.colcon_core.package_identification:_identify(install) by extensions ['ignore', 'ignore_ament_install']
[0.189s] Level 1:colcon.colcon_core.package_identification:_identify(install) by extension 'ignore'
[0.189s] Level 1:colcon.colcon_core.package_identification:_identify(install) ignored
[0.189s] Level 1:colcon.colcon_core.package_identification:_identify(log) by extensions ['ignore', 'ignore_ament_install']
[0.189s] Level 1:colcon.colcon_core.package_identification:_identify(log) by extension 'ignore'
[0.189s] Level 1:colcon.colcon_core.package_identification:_identify(log) ignored
[0.189s] Level 1:colcon.colcon_core.package_identification:_identify(src) by extensions ['ignore', 'ignore_ament_install']
[0.189s] Level 1:colcon.colcon_core.package_identification:_identify(src) by extension 'ignore'
[0.189s] Level 1:colcon.colcon_core.package_identification:_identify(src) by extension 'ignore_ament_install'
[0.189s] Level 1:colcon.colcon_core.package_identification:_identify(src) by extensions ['colcon_pkg']
[0.189s] Level 1:colcon.colcon_core.package_identification:_identify(src) by extension 'colcon_pkg'
[0.189s] Level 1:colcon.colcon_core.package_identification:_identify(src) by extensions ['colcon_meta']
[0.189s] Level 1:colcon.colcon_core.package_identification:_identify(src) by extension 'colcon_meta'
[0.189s] Level 1:colcon.colcon_core.package_identification:_identify(src) by extensions ['ros']
[0.189s] Level 1:colcon.colcon_core.package_identification:_identify(src) by extension 'ros'
[0.189s] Level 1:colcon.colcon_core.package_identification:_identify(src) by extensions ['cmake', 'python']
[0.189s] Level 1:colcon.colcon_core.package_identification:_identify(src) by extension 'cmake'
[0.189s] Level 1:colcon.colcon_core.package_identification:_identify(src) by extension 'python'
[0.189s] Level 1:colcon.colcon_core.package_identification:_identify(src) by extensions ['python_setup_py']
[0.190s] Level 1:colcon.colcon_core.package_identification:_identify(src) by extension 'python_setup_py'
[0.190s] Level 1:colcon.colcon_core.package_identification:_identify(src/ros2-serial) by extensions ['ignore', 'ignore_ament_install']
[0.190s] Level 1:colcon.colcon_core.package_identification:_identify(src/ros2-serial) by extension 'ignore'
[0.190s] Level 1:colcon.colcon_core.package_identification:_identify(src/ros2-serial) by extension 'ignore_ament_install'
[0.190s] Level 1:colcon.colcon_core.package_identification:_identify(src/ros2-serial) by extensions ['colcon_pkg']
[0.190s] Level 1:colcon.colcon_core.package_identification:_identify(src/ros2-serial) by extension 'colcon_pkg'
[0.190s] Level 1:colcon.colcon_core.package_identification:_identify(src/ros2-serial) by extensions ['colcon_meta']
[0.190s] Level 1:colcon.colcon_core.package_identification:_identify(src/ros2-serial) by extension 'colcon_meta'
[0.190s] Level 1:colcon.colcon_core.package_identification:_identify(src/ros2-serial) by extensions ['ros']
[0.190s] Level 1:colcon.colcon_core.package_identification:_identify(src/ros2-serial) by extension 'ros'
[0.192s] DEBUG:colcon.colcon_core.package_identification:Package 'src/ros2-serial' with type 'ros.ament_cmake' and name 'serial'
[0.192s] Level 1:colcon.colcon_core.package_identification:_identify(src/serial_util) by extensions ['ignore', 'ignore_ament_install']
[0.192s] Level 1:colcon.colcon_core.package_identification:_identify(src/serial_util) by extension 'ignore'
[0.192s] Level 1:colcon.colcon_core.package_identification:_identify(src/serial_util) by extension 'ignore_ament_install'
[0.192s] Level 1:colcon.colcon_core.package_identification:_identify(src/serial_util) by extensions ['colcon_pkg']
[0.192s] Level 1:colcon.colcon_core.package_identification:_identify(src/serial_util) by extension 'colcon_pkg'
[0.192s] Level 1:colcon.colcon_core.package_identification:_identify(src/serial_util) by extensions ['colcon_meta']
[0.192s] Level 1:colcon.colcon_core.package_identification:_identify(src/serial_util) by extension 'colcon_meta'
[0.192s] Level 1:colcon.colcon_core.package_identification:_identify(src/serial_util) by extensions ['ros']
[0.192s] Level 1:colcon.colcon_core.package_identification:_identify(src/serial_util) by extension 'ros'
[0.193s] DEBUG:colcon.colcon_core.package_identification:Package 'src/serial_util' with type 'ros.ament_cmake' and name 'serial_util'
[0.193s] Level 1:colcon.colcon_core.package_identification:_identify(src/uv-vision) by extensions ['ignore', 'ignore_ament_install']
[0.193s] Level 1:colcon.colcon_core.package_identification:_identify(src/uv-vision) by extension 'ignore'
[0.193s] Level 1:colcon.colcon_core.package_identification:_identify(src/uv-vision) by extension 'ignore_ament_install'
[0.193s] Level 1:colcon.colcon_core.package_identification:_identify(src/uv-vision) by extensions ['colcon_pkg']
[0.193s] Level 1:colcon.colcon_core.package_identification:_identify(src/uv-vision) by extension 'colcon_pkg'
[0.193s] Level 1:colcon.colcon_core.package_identification:_identify(src/uv-vision) by extensions ['colcon_meta']
[0.193s] Level 1:colcon.colcon_core.package_identification:_identify(src/uv-vision) by extension 'colcon_meta'
[0.193s] Level 1:colcon.colcon_core.package_identification:_identify(src/uv-vision) by extensions ['ros']
[0.193s] Level 1:colcon.colcon_core.package_identification:_identify(src/uv-vision) by extension 'ros'
[0.194s] DEBUG:colcon.colcon_core.package_identification:Package 'src/uv-vision' with type 'ros.ament_cmake' and name 'uv-vision'
[0.194s] Level 1:colcon.colcon_core.package_discovery:discover_packages(recursive) using defaults
[0.194s] Level 1:colcon.colcon_core.package_discovery:discover_packages(ignore) discover
[0.194s] Level 1:colcon.colcon_core.package_discovery:discover_packages(ignore) using defaults
[0.194s] Level 1:colcon.colcon_core.package_discovery:discover_packages(path) discover
[0.194s] Level 1:colcon.colcon_core.package_discovery:discover_packages(path) using defaults
[0.209s] Level 5:colcon.colcon_core.verb:set package 'serial' build argument 'cmake_args' from command line to 'None'
[0.209s] Level 5:colcon.colcon_core.verb:set package 'serial' build argument 'cmake_target' from command line to 'None'
[0.209s] Level 5:colcon.colcon_core.verb:set package 'serial' build argument 'cmake_target_skip_unavailable' from command line to 'False'
[0.209s] Level 5:colcon.colcon_core.verb:set package 'serial' build argument 'cmake_clean_cache' from command line to 'False'
[0.209s] Level 5:colcon.colcon_core.verb:set package 'serial' build argument 'cmake_clean_first' from command line to 'False'
[0.209s] Level 5:colcon.colcon_core.verb:set package 'serial' build argument 'cmake_force_configure' from command line to 'False'
[0.209s] Level 5:colcon.colcon_core.verb:set package 'serial' build argument 'ament_cmake_args' from command line to 'None'
[0.210s] Level 5:colcon.colcon_core.verb:set package 'serial' build argument 'catkin_cmake_args' from command line to 'None'
[0.210s] Level 5:colcon.colcon_core.verb:set package 'serial' build argument 'catkin_skip_building_tests' from command line to 'False'
[0.210s] DEBUG:colcon.colcon_core.verb:Building package 'serial' with the following arguments: {'ament_cmake_args': None, 'build_base': '/workspaces/reuv/re-uv_ws/build/serial', 'catkin_cmake_args': None, 'catkin_skip_building_tests': False, 'cmake_args': None, 'cmake_clean_cache': False, 'cmake_clean_first': False, 'cmake_force_configure': False, 'cmake_target': None, 'cmake_target_skip_unavailable': False, 'install_base': '/workspaces/reuv/re-uv_ws/install/serial', 'merge_install': False, 'path': '/workspaces/reuv/re-uv_ws/src/ros2-serial', 'symlink_install': False, 'test_result_base': None}
[0.210s] Level 5:colcon.colcon_core.verb:set package 'uv-vision' build argument 'cmake_args' from command line to 'None'
[0.210s] Level 5:colcon.colcon_core.verb:set package 'uv-vision' build argument 'cmake_target' from command line to 'None'
[0.210s] Level 5:colcon.colcon_core.verb:set package 'uv-vision' build argument 'cmake_target_skip_unavailable' from command line to 'False'
[0.210s] Level 5:colcon.colcon_core.verb:set package 'uv-vision' build argument 'cmake_clean_cache' from command line to 'False'
[0.210s] Level 5:colcon.colcon_core.verb:set package 'uv-vision' build argument 'cmake_clean_first' from command line to 'False'
[0.210s] Level 5:colcon.colcon_core.verb:set package 'uv-vision' build argument 'cmake_force_configure' from command line to 'False'
[0.210s] Level 5:colcon.colcon_core.verb:set package 'uv-vision' build argument 'ament_cmake_args' from command line to 'None'
[0.210s] Level 5:colcon.colcon_core.verb:set package 'uv-vision' build argument 'catkin_cmake_args' from command line to 'None'
[0.210s] Level 5:colcon.colcon_core.verb:set package 'uv-vision' build argument 'catkin_skip_building_tests' from command line to 'False'
[0.210s] DEBUG:colcon.colcon_core.verb:Building package 'uv-vision' with the following arguments: {'ament_cmake_args': None, 'build_base': '/workspaces/reuv/re-uv_ws/build/uv-vision', 'catkin_cmake_args': None, 'catkin_skip_building_tests': False, 'cmake_args': None, 'cmake_clean_cache': False, 'cmake_clean_first': False, 'cmake_force_configure': False, 'cmake_target': None, 'cmake_target_skip_unavailable': False, 'install_base': '/workspaces/reuv/re-uv_ws/install/uv-vision', 'merge_install': False, 'path': '/workspaces/reuv/re-uv_ws/src/uv-vision', 'symlink_install': False, 'test_result_base': None}
[0.210s] Level 5:colcon.colcon_core.verb:set package 'serial_util' build argument 'cmake_args' from command line to 'None'
[0.210s] Level 5:colcon.colcon_core.verb:set package 'serial_util' build argument 'cmake_target' from command line to 'None'
[0.210s] Level 5:colcon.colcon_core.verb:set package 'serial_util' build argument 'cmake_target_skip_unavailable' from command line to 'False'
[0.211s] Level 5:colcon.colcon_core.verb:set package 'serial_util' build argument 'cmake_clean_cache' from command line to 'False'
[0.211s] Level 5:colcon.colcon_core.verb:set package 'serial_util' build argument 'cmake_clean_first' from command line to 'False'
[0.211s] Level 5:colcon.colcon_core.verb:set package 'serial_util' build argument 'cmake_force_configure' from command line to 'False'
[0.211s] Level 5:colcon.colcon_core.verb:set package 'serial_util' build argument 'ament_cmake_args' from command line to 'None'
[0.211s] Level 5:colcon.colcon_core.verb:set package 'serial_util' build argument 'catkin_cmake_args' from command line to 'None'
[0.211s] Level 5:colcon.colcon_core.verb:set package 'serial_util' build argument 'catkin_skip_building_tests' from command line to 'False'
[0.211s] DEBUG:colcon.colcon_core.verb:Building package 'serial_util' with the following arguments: {'ament_cmake_args': None, 'build_base': '/workspaces/reuv/re-uv_ws/build/serial_util', 'catkin_cmake_args': None, 'catkin_skip_building_tests': False, 'cmake_args': None, 'cmake_clean_cache': False, 'cmake_clean_first': False, 'cmake_force_configure': False, 'cmake_target': None, 'cmake_target_skip_unavailable': False, 'install_base': '/workspaces/reuv/re-uv_ws/install/serial_util', 'merge_install': False, 'path': '/workspaces/reuv/re-uv_ws/src/serial_util', 'symlink_install': False, 'test_result_base': None}
[0.211s] INFO:colcon.colcon_core.executor:Executing jobs using 'parallel' executor
[0.212s] DEBUG:colcon.colcon_parallel_executor.executor.parallel:run_until_complete
[0.212s] INFO:colcon.colcon_ros.task.ament_cmake.build:Building ROS package in '/workspaces/reuv/re-uv_ws/src/ros2-serial' with build type 'ament_cmake'
[0.212s] INFO:colcon.colcon_cmake.task.cmake.build:Building CMake package in '/workspaces/reuv/re-uv_ws/src/ros2-serial'
[0.214s] INFO:colcon.colcon_core.plugin_system:Skipping extension 'colcon_core.shell.bat': Not used on non-Windows systems
[0.214s] INFO:colcon.colcon_core.shell:Skip shell extension 'powershell' for command environment: Not usable outside of PowerShell
[0.214s] DEBUG:colcon.colcon_core.shell:Skip shell extension 'dsv' for command environment
[0.217s] INFO:colcon.colcon_ros.task.ament_cmake.build:Building ROS package in '/workspaces/reuv/re-uv_ws/src/uv-vision' with build type 'ament_cmake'
[0.217s] INFO:colcon.colcon_cmake.task.cmake.build:Building CMake package in '/workspaces/reuv/re-uv_ws/src/uv-vision'
[0.217s] INFO:colcon.colcon_core.shell:Skip shell extension 'powershell' for command environment: Not usable outside of PowerShell
[0.217s] DEBUG:colcon.colcon_core.shell:Skip shell extension 'dsv' for command environment
[0.224s] DEBUG:colcon.colcon_core.event_handler.log_command:Invoking command in '/workspaces/reuv/re-uv_ws/build/serial': CMAKE_PREFIX_PATH=/opt/ros/humble /usr/bin/cmake --build /workspaces/reuv/re-uv_ws/build/serial -- -j16 -l16
[0.226s] DEBUG:colcon.colcon_core.event_handler.log_command:Invoking command in '/workspaces/reuv/re-uv_ws/build/uv-vision': CMAKE_PREFIX_PATH=/opt/ros/humble /usr/bin/cmake --build /workspaces/reuv/re-uv_ws/build/uv-vision -- -j16 -l16
[0.275s] DEBUG:colcon.colcon_core.event_handler.log_command:Invoked command in '/workspaces/reuv/re-uv_ws/build/serial' returned '0': CMAKE_PREFIX_PATH=/opt/ros/humble /usr/bin/cmake --build /workspaces/reuv/re-uv_ws/build/serial -- -j16 -l16
[0.308s] DEBUG:colcon.colcon_core.event_handler.log_command:Invoking command in '/workspaces/reuv/re-uv_ws/build/serial': CMAKE_PREFIX_PATH=/opt/ros/humble /usr/bin/cmake --install /workspaces/reuv/re-uv_ws/build/serial
[0.317s] Level 1:colcon.colcon_core.environment:create_environment_scripts_only(serial)
[0.317s] DEBUG:colcon.colcon_core.event_handler.log_command:Invoked command in '/workspaces/reuv/re-uv_ws/build/serial' returned '0': CMAKE_PREFIX_PATH=/opt/ros/humble /usr/bin/cmake --install /workspaces/reuv/re-uv_ws/build/serial
[0.319s] Level 1:colcon.colcon_core.environment:checking '/workspaces/reuv/re-uv_ws/install/serial' for CMake module files
[0.319s] Level 1:colcon.colcon_core.environment:checking '/workspaces/reuv/re-uv_ws/install/serial' for CMake config files
[0.319s] Level 1:colcon.colcon_core.shell:create_environment_hook('serial', 'cmake_prefix_path')
[0.320s] INFO:colcon.colcon_core.shell:Creating environment hook '/workspaces/reuv/re-uv_ws/install/serial/share/serial/hook/cmake_prefix_path.ps1'
[0.320s] INFO:colcon.colcon_core.shell:Creating environment descriptor '/workspaces/reuv/re-uv_ws/install/serial/share/serial/hook/cmake_prefix_path.dsv'
[0.320s] INFO:colcon.colcon_core.shell:Creating environment hook '/workspaces/reuv/re-uv_ws/install/serial/share/serial/hook/cmake_prefix_path.sh'
[0.321s] Level 1:colcon.colcon_core.environment:checking '/workspaces/reuv/re-uv_ws/install/serial/lib'
[0.321s] Level 1:colcon.colcon_core.shell:create_environment_hook('serial', 'ld_library_path_lib')
[0.321s] INFO:colcon.colcon_core.shell:Creating environment hook '/workspaces/reuv/re-uv_ws/install/serial/share/serial/hook/ld_library_path_lib.ps1'
[0.322s] INFO:colcon.colcon_core.shell:Creating environment descriptor '/workspaces/reuv/re-uv_ws/install/serial/share/serial/hook/ld_library_path_lib.dsv'
[0.322s] INFO:colcon.colcon_core.shell:Creating environment hook '/workspaces/reuv/re-uv_ws/install/serial/share/serial/hook/ld_library_path_lib.sh'
[0.322s] Level 1:colcon.colcon_core.environment:checking '/workspaces/reuv/re-uv_ws/install/serial/bin'
[0.322s] Level 1:colcon.colcon_core.environment:checking '/workspaces/reuv/re-uv_ws/install/serial/lib/pkgconfig/serial.pc'
[0.324s] Level 1:colcon.colcon_core.environment:checking '/workspaces/reuv/re-uv_ws/install/serial/lib/python3.10/site-packages'
[0.324s] Level 1:colcon.colcon_core.environment:checking '/workspaces/reuv/re-uv_ws/install/serial/bin'
[0.325s] INFO:colcon.colcon_core.shell:Creating package script '/workspaces/reuv/re-uv_ws/install/serial/share/serial/package.ps1'
[0.325s] INFO:colcon.colcon_core.shell:Creating package descriptor '/workspaces/reuv/re-uv_ws/install/serial/share/serial/package.dsv'
[0.326s] INFO:colcon.colcon_core.shell:Creating package script '/workspaces/reuv/re-uv_ws/install/serial/share/serial/package.sh'
[0.326s] INFO:colcon.colcon_core.shell:Creating package script '/workspaces/reuv/re-uv_ws/install/serial/share/serial/package.bash'
[0.327s] INFO:colcon.colcon_core.shell:Creating package script '/workspaces/reuv/re-uv_ws/install/serial/share/serial/package.zsh'
[0.327s] Level 1:colcon.colcon_core.environment:create_file_with_runtime_dependencies(/workspaces/reuv/re-uv_ws/install/serial/share/colcon-core/packages/serial)
[0.352s] Level 1:colcon.colcon_core.environment:create_environment_scripts_only(serial)
[0.352s] Level 1:colcon.colcon_core.environment:checking '/workspaces/reuv/re-uv_ws/install/serial' for CMake module files
[0.353s] Level 1:colcon.colcon_core.environment:checking '/workspaces/reuv/re-uv_ws/install/serial' for CMake config files
[0.353s] Level 1:colcon.colcon_core.shell:create_environment_hook('serial', 'cmake_prefix_path')
[0.353s] INFO:colcon.colcon_core.shell:Creating environment hook '/workspaces/reuv/re-uv_ws/install/serial/share/serial/hook/cmake_prefix_path.ps1'
[0.354s] INFO:colcon.colcon_core.shell:Creating environment descriptor '/workspaces/reuv/re-uv_ws/install/serial/share/serial/hook/cmake_prefix_path.dsv'
[0.354s] INFO:colcon.colcon_core.shell:Creating environment hook '/workspaces/reuv/re-uv_ws/install/serial/share/serial/hook/cmake_prefix_path.sh'
[0.354s] Level 1:colcon.colcon_core.environment:checking '/workspaces/reuv/re-uv_ws/install/serial/lib'
[0.354s] Level 1:colcon.colcon_core.shell:create_environment_hook('serial', 'ld_library_path_lib')
[0.354s] INFO:colcon.colcon_core.shell:Creating environment hook '/workspaces/reuv/re-uv_ws/install/serial/share/serial/hook/ld_library_path_lib.ps1'
[0.355s] INFO:colcon.colcon_core.shell:Creating environment descriptor '/workspaces/reuv/re-uv_ws/install/serial/share/serial/hook/ld_library_path_lib.dsv'
[0.355s] INFO:colcon.colcon_core.shell:Creating environment hook '/workspaces/reuv/re-uv_ws/install/serial/share/serial/hook/ld_library_path_lib.sh'
[0.355s] Level 1:colcon.colcon_core.environment:checking '/workspaces/reuv/re-uv_ws/install/serial/bin'
[0.355s] Level 1:colcon.colcon_core.environment:checking '/workspaces/reuv/re-uv_ws/install/serial/lib/pkgconfig/serial.pc'
[0.356s] Level 1:colcon.colcon_core.environment:checking '/workspaces/reuv/re-uv_ws/install/serial/lib/python3.10/site-packages'
[0.356s] Level 1:colcon.colcon_core.environment:checking '/workspaces/reuv/re-uv_ws/install/serial/bin'
[0.356s] INFO:colcon.colcon_core.shell:Creating package script '/workspaces/reuv/re-uv_ws/install/serial/share/serial/package.ps1'
[0.356s] INFO:colcon.colcon_core.shell:Creating package descriptor '/workspaces/reuv/re-uv_ws/install/serial/share/serial/package.dsv'
[0.357s] INFO:colcon.colcon_core.shell:Creating package script '/workspaces/reuv/re-uv_ws/install/serial/share/serial/package.sh'
[0.357s] INFO:colcon.colcon_core.shell:Creating package script '/workspaces/reuv/re-uv_ws/install/serial/share/serial/package.bash'
[0.357s] INFO:colcon.colcon_core.shell:Creating package script '/workspaces/reuv/re-uv_ws/install/serial/share/serial/package.zsh'
[0.358s] Level 1:colcon.colcon_core.environment:create_file_with_runtime_dependencies(/workspaces/reuv/re-uv_ws/install/serial/share/colcon-core/packages/serial)
[0.358s] INFO:colcon.colcon_ros.task.ament_cmake.build:Building ROS package in '/workspaces/reuv/re-uv_ws/src/serial_util' with build type 'ament_cmake'
[0.358s] INFO:colcon.colcon_cmake.task.cmake.build:Building CMake package in '/workspaces/reuv/re-uv_ws/src/serial_util'
[0.358s] INFO:colcon.colcon_core.shell:Skip shell extension 'powershell' for command environment: Not usable outside of PowerShell
[0.358s] DEBUG:colcon.colcon_core.shell:Skip shell extension 'dsv' for command environment
[0.366s] DEBUG:colcon.colcon_core.event_handler.log_command:Invoking command in '/workspaces/reuv/re-uv_ws/build/serial_util': AMENT_PREFIX_PATH=/workspaces/reuv/re-uv_ws/install/serial:${AMENT_PREFIX_PATH} CMAKE_PREFIX_PATH=/workspaces/reuv/re-uv_ws/install/serial:/opt/ros/humble LD_LIBRARY_PATH=/workspaces/reuv/re-uv_ws/install/serial/lib:${LD_LIBRARY_PATH} /usr/bin/cmake --build /workspaces/reuv/re-uv_ws/build/serial_util -- -j16 -l16
[0.399s] DEBUG:colcon.colcon_core.event_handler.log_command:Invoked command in '/workspaces/reuv/re-uv_ws/build/serial_util' returned '0': AMENT_PREFIX_PATH=/workspaces/reuv/re-uv_ws/install/serial:${AMENT_PREFIX_PATH} CMAKE_PREFIX_PATH=/workspaces/reuv/re-uv_ws/install/serial:/opt/ros/humble LD_LIBRARY_PATH=/workspaces/reuv/re-uv_ws/install/serial/lib:${LD_LIBRARY_PATH} /usr/bin/cmake --build /workspaces/reuv/re-uv_ws/build/serial_util -- -j16 -l16
[0.422s] DEBUG:colcon.colcon_core.event_handler.log_command:Invoking command in '/workspaces/reuv/re-uv_ws/build/serial_util': AMENT_PREFIX_PATH=/workspaces/reuv/re-uv_ws/install/serial:${AMENT_PREFIX_PATH} CMAKE_PREFIX_PATH=/workspaces/reuv/re-uv_ws/install/serial:/opt/ros/humble LD_LIBRARY_PATH=/workspaces/reuv/re-uv_ws/install/serial/lib:${LD_LIBRARY_PATH} /usr/bin/cmake --install /workspaces/reuv/re-uv_ws/build/serial_util
[0.432s] Level 1:colcon.colcon_core.environment:create_environment_scripts_only(serial_util)
[0.433s] Level 1:colcon.colcon_core.environment:checking '/workspaces/reuv/re-uv_ws/install/serial_util' for CMake module files
[0.433s] DEBUG:colcon.colcon_core.event_handler.log_command:Invoked command in '/workspaces/reuv/re-uv_ws/build/serial_util' returned '0': AMENT_PREFIX_PATH=/workspaces/reuv/re-uv_ws/install/serial:${AMENT_PREFIX_PATH} CMAKE_PREFIX_PATH=/workspaces/reuv/re-uv_ws/install/serial:/opt/ros/humble LD_LIBRARY_PATH=/workspaces/reuv/re-uv_ws/install/serial/lib:${LD_LIBRARY_PATH} /usr/bin/cmake --install /workspaces/reuv/re-uv_ws/build/serial_util
[0.434s] Level 1:colcon.colcon_core.environment:checking '/workspaces/reuv/re-uv_ws/install/serial_util' for CMake config files
[0.434s] Level 1:colcon.colcon_core.shell:create_environment_hook('serial_util', 'cmake_prefix_path')
[0.434s] INFO:colcon.colcon_core.shell:Creating environment hook '/workspaces/reuv/re-uv_ws/install/serial_util/share/serial_util/hook/cmake_prefix_path.ps1'
[0.435s] INFO:colcon.colcon_core.shell:Creating environment descriptor '/workspaces/reuv/re-uv_ws/install/serial_util/share/serial_util/hook/cmake_prefix_path.dsv'
[0.435s] INFO:colcon.colcon_core.shell:Creating environment hook '/workspaces/reuv/re-uv_ws/install/serial_util/share/serial_util/hook/cmake_prefix_path.sh'
[0.436s] Level 1:colcon.colcon_core.environment:checking '/workspaces/reuv/re-uv_ws/install/serial_util/bin'
[0.436s] Level 1:colcon.colcon_core.environment:checking '/workspaces/reuv/re-uv_ws/install/serial_util/lib/pkgconfig/serial_util.pc'
[0.436s] Level 1:colcon.colcon_core.environment:checking '/workspaces/reuv/re-uv_ws/install/serial_util/lib/python3.10/site-packages'
[0.436s] Level 1:colcon.colcon_core.environment:checking '/workspaces/reuv/re-uv_ws/install/serial_util/bin'
[0.437s] INFO:colcon.colcon_core.shell:Creating package script '/workspaces/reuv/re-uv_ws/install/serial_util/share/serial_util/package.ps1'
[0.437s] INFO:colcon.colcon_core.shell:Creating package descriptor '/workspaces/reuv/re-uv_ws/install/serial_util/share/serial_util/package.dsv'
[0.437s] INFO:colcon.colcon_core.shell:Creating package script '/workspaces/reuv/re-uv_ws/install/serial_util/share/serial_util/package.sh'
[0.438s] INFO:colcon.colcon_core.shell:Creating package script '/workspaces/reuv/re-uv_ws/install/serial_util/share/serial_util/package.bash'
[0.438s] INFO:colcon.colcon_core.shell:Creating package script '/workspaces/reuv/re-uv_ws/install/serial_util/share/serial_util/package.zsh'
[0.438s] Level 1:colcon.colcon_core.environment:create_file_with_runtime_dependencies(/workspaces/reuv/re-uv_ws/install/serial_util/share/colcon-core/packages/serial_util)
[0.458s] Level 1:colcon.colcon_core.environment:create_environment_scripts_only(serial_util)
[0.458s] Level 1:colcon.colcon_core.environment:checking '/workspaces/reuv/re-uv_ws/install/serial_util' for CMake module files
[0.458s] Level 1:colcon.colcon_core.environment:checking '/workspaces/reuv/re-uv_ws/install/serial_util' for CMake config files
[0.459s] Level 1:colcon.colcon_core.shell:create_environment_hook('serial_util', 'cmake_prefix_path')
[0.459s] INFO:colcon.colcon_core.shell:Creating environment hook '/workspaces/reuv/re-uv_ws/install/serial_util/share/serial_util/hook/cmake_prefix_path.ps1'
[0.459s] INFO:colcon.colcon_core.shell:Creating environment descriptor '/workspaces/reuv/re-uv_ws/install/serial_util/share/serial_util/hook/cmake_prefix_path.dsv'
[0.459s] INFO:colcon.colcon_core.shell:Creating environment hook '/workspaces/reuv/re-uv_ws/install/serial_util/share/serial_util/hook/cmake_prefix_path.sh'
[0.460s] Level 1:colcon.colcon_core.environment:checking '/workspaces/reuv/re-uv_ws/install/serial_util/bin'
[0.460s] Level 1:colcon.colcon_core.environment:checking '/workspaces/reuv/re-uv_ws/install/serial_util/lib/pkgconfig/serial_util.pc'
[0.460s] Level 1:colcon.colcon_core.environment:checking '/workspaces/reuv/re-uv_ws/install/serial_util/lib/python3.10/site-packages'
[0.460s] Level 1:colcon.colcon_core.environment:checking '/workspaces/reuv/re-uv_ws/install/serial_util/bin'
[0.460s] INFO:colcon.colcon_core.shell:Creating package script '/workspaces/reuv/re-uv_ws/install/serial_util/share/serial_util/package.ps1'
[0.461s] INFO:colcon.colcon_core.shell:Creating package descriptor '/workspaces/reuv/re-uv_ws/install/serial_util/share/serial_util/package.dsv'
[0.461s] INFO:colcon.colcon_core.shell:Creating package script '/workspaces/reuv/re-uv_ws/install/serial_util/share/serial_util/package.sh'
[0.461s] INFO:colcon.colcon_core.shell:Creating package script '/workspaces/reuv/re-uv_ws/install/serial_util/share/serial_util/package.bash'
[0.462s] INFO:colcon.colcon_core.shell:Creating package script '/workspaces/reuv/re-uv_ws/install/serial_util/share/serial_util/package.zsh'
[0.462s] Level 1:colcon.colcon_core.environment:create_file_with_runtime_dependencies(/workspaces/reuv/re-uv_ws/install/serial_util/share/colcon-core/packages/serial_util)
[0.673s] DEBUG:colcon.colcon_core.event_handler.log_command:Invoked command in '/workspaces/reuv/re-uv_ws/build/uv-vision' returned '2': CMAKE_PREFIX_PATH=/opt/ros/humble /usr/bin/cmake --build /workspaces/reuv/re-uv_ws/build/uv-vision -- -j16 -l16
[0.691s] Level 1:colcon.colcon_core.environment:create_environment_scripts_only(uv-vision)
[0.691s] Level 1:colcon.colcon_core.environment:checking '/workspaces/reuv/re-uv_ws/install/uv-vision' for CMake module files
[0.692s] Level 1:colcon.colcon_core.environment:checking '/workspaces/reuv/re-uv_ws/install/uv-vision' for CMake config files
[0.692s] Level 1:colcon.colcon_core.shell:create_environment_hook('uv-vision', 'cmake_prefix_path')
[0.692s] INFO:colcon.colcon_core.shell:Creating environment hook '/workspaces/reuv/re-uv_ws/install/uv-vision/share/uv-vision/hook/cmake_prefix_path.ps1'
[0.692s] INFO:colcon.colcon_core.shell:Creating environment descriptor '/workspaces/reuv/re-uv_ws/install/uv-vision/share/uv-vision/hook/cmake_prefix_path.dsv'
[0.693s] INFO:colcon.colcon_core.shell:Creating environment hook '/workspaces/reuv/re-uv_ws/install/uv-vision/share/uv-vision/hook/cmake_prefix_path.sh'
[0.693s] Level 1:colcon.colcon_core.environment:checking '/workspaces/reuv/re-uv_ws/install/uv-vision/bin'
[0.693s] Level 1:colcon.colcon_core.environment:checking '/workspaces/reuv/re-uv_ws/install/uv-vision/lib/pkgconfig/uv-vision.pc'
[0.693s] Level 1:colcon.colcon_core.environment:checking '/workspaces/reuv/re-uv_ws/install/uv-vision/lib/python3.10/site-packages'
[0.693s] Level 1:colcon.colcon_core.environment:checking '/workspaces/reuv/re-uv_ws/install/uv-vision/bin'
[0.693s] INFO:colcon.colcon_core.shell:Creating package script '/workspaces/reuv/re-uv_ws/install/uv-vision/share/uv-vision/package.ps1'
[0.694s] INFO:colcon.colcon_core.shell:Creating package descriptor '/workspaces/reuv/re-uv_ws/install/uv-vision/share/uv-vision/package.dsv'
[0.694s] INFO:colcon.colcon_core.shell:Creating package script '/workspaces/reuv/re-uv_ws/install/uv-vision/share/uv-vision/package.sh'
[0.694s] INFO:colcon.colcon_core.shell:Creating package script '/workspaces/reuv/re-uv_ws/install/uv-vision/share/uv-vision/package.bash'
[0.695s] INFO:colcon.colcon_core.shell:Creating package script '/workspaces/reuv/re-uv_ws/install/uv-vision/share/uv-vision/package.zsh'
[0.695s] Level 1:colcon.colcon_core.environment:create_file_with_runtime_dependencies(/workspaces/reuv/re-uv_ws/install/uv-vision/share/colcon-core/packages/uv-vision)
[0.705s] DEBUG:colcon.colcon_parallel_executor.executor.parallel:closing loop
[0.706s] DEBUG:colcon.colcon_parallel_executor.executor.parallel:loop closed
[0.706s] DEBUG:colcon.colcon_parallel_executor.executor.parallel:run_until_complete finished with '2'
[0.706s] DEBUG:colcon.colcon_core.event_reactor:joining thread
[0.710s] INFO:colcon.colcon_core.plugin_system:Skipping extension 'colcon_notification.desktop_notification.notify_send': Could not find 'notify-send'
[0.710s] INFO:colcon.colcon_core.plugin_system:Skipping extension 'colcon_notification.desktop_notification.terminal_notifier': Not used on non-Darwin systems
[0.710s] INFO:colcon.colcon_core.plugin_system:Skipping extension 'colcon_notification.desktop_notification.win32': Not used on non-Windows systems
[0.710s] INFO:colcon.colcon_notification.desktop_notification:Sending desktop notification using 'notify2'
[0.713s] DEBUG:colcon.colcon_notification.desktop_notification.notify2:Failed to initialize notify2: org.freedesktop.DBus.Error.Spawn.ExecFailed: /usr/bin/dbus-launch terminated abnormally without any error message
[0.713s] DEBUG:colcon.colcon_core.event_reactor:joined thread
[0.713s] INFO:colcon.colcon_core.shell:Creating prefix script '/workspaces/reuv/re-uv_ws/install/local_setup.ps1'
[0.714s] INFO:colcon.colcon_core.shell:Creating prefix util module '/workspaces/reuv/re-uv_ws/install/_local_setup_util_ps1.py'
[0.715s] INFO:colcon.colcon_core.shell:Creating prefix chain script '/workspaces/reuv/re-uv_ws/install/setup.ps1'
[0.716s] INFO:colcon.colcon_core.shell:Creating prefix script '/workspaces/reuv/re-uv_ws/install/local_setup.sh'
[0.716s] INFO:colcon.colcon_core.shell:Creating prefix util module '/workspaces/reuv/re-uv_ws/install/_local_setup_util_sh.py'
[0.716s] INFO:colcon.colcon_core.shell:Creating prefix chain script '/workspaces/reuv/re-uv_ws/install/setup.sh'
[0.717s] INFO:colcon.colcon_core.shell:Creating prefix script '/workspaces/reuv/re-uv_ws/install/local_setup.bash'
[0.718s] INFO:colcon.colcon_core.shell:Creating prefix chain script '/workspaces/reuv/re-uv_ws/install/setup.bash'
[0.718s] INFO:colcon.colcon_core.shell:Creating prefix script '/workspaces/reuv/re-uv_ws/install/local_setup.zsh'
[0.719s] INFO:colcon.colcon_core.shell:Creating prefix chain script '/workspaces/reuv/re-uv_ws/install/setup.zsh'
