[0.086s] DEBUG:colcon:Command line arguments: ['/usr/bin/colcon', 'build', '--packages-select', 'serial_util']
[0.086s] DEBUG:colcon:Parsed command line arguments: Namespace(log_base=None, log_level=None, verb_name='build', build_base='build', install_base='install', merge_install=False, symlink_install=False, test_result_base=None, continue_on_error=False, executor='parallel', parallel_workers=16, event_handlers=None, ignore_user_meta=False, metas=['./colcon.meta'], base_paths=['.'], packages_ignore=None, packages_ignore_regex=None, paths=None, packages_up_to=None, packages_up_to_regex=None, packages_above=None, packages_above_and_dependencies=None, packages_above_depth=None, packages_select_by_dep=None, packages_skip_by_dep=None, packages_skip_up_to=None, packages_select_build_failed=False, packages_skip_build_finished=False, packages_select_test_failures=False, packages_skip_test_passed=False, packages_select=['serial_util'], packages_skip=None, packages_select_regex=None, packages_skip_regex=None, packages_start=None, packages_end=None, cmake_args=None, cmake_target=None, cmake_target_skip_unavailable=False, cmake_clean_cache=False, cmake_clean_first=False, cmake_force_configure=False, ament_cmake_args=None, catkin_cmake_args=None, catkin_skip_building_tests=False, mixin_files=None, mixin=None, verb_parser=<colcon_mixin.mixin.mixin_argument.MixinArgumentDecorator object at 0x7fa8c00da560>, verb_extension=<colcon_core.verb.build.BuildVerb object at 0x7fa8c01deb90>, main=<bound method BuildVerb.main of <colcon_core.verb.build.BuildVerb object at 0x7fa8c01deb90>>, mixin_verb=('build',))
[0.177s] Level 1:colcon.colcon_core.package_discovery:discover_packages(colcon_meta) check parameters
[0.177s] INFO:colcon.colcon_metadata.package_discovery.colcon_meta:Using configuration from '/root/.colcon/metadata/default/Gazebo.meta'
[0.178s] INFO:colcon.colcon_metadata.package_discovery.colcon_meta:Using configuration from '/root/.colcon/metadata/default/fastrtps.meta'
[0.178s] Level 1:colcon.colcon_core.package_discovery:discover_packages(recursive) check parameters
[0.178s] Level 1:colcon.colcon_core.package_discovery:discover_packages(ignore) check parameters
[0.178s] Level 1:colcon.colcon_core.package_discovery:discover_packages(path) check parameters
[0.178s] Level 1:colcon.colcon_core.package_discovery:discover_packages(colcon_meta) discover
[0.178s] Level 1:colcon.colcon_core.package_discovery:discover_packages(recursive) discover
[0.178s] INFO:colcon.colcon_core.package_discovery:Crawling recursively for packages in '/workspaces/reuv/re-uv_ws'
[0.178s] Level 1:colcon.colcon_core.package_identification:_identify(.) by extensions ['ignore', 'ignore_ament_install']
[0.178s] Level 1:colcon.colcon_core.package_identification:_identify(.) by extension 'ignore'
[0.178s] Level 1:colcon.colcon_core.package_identification:_identify(.) by extension 'ignore_ament_install'
[0.178s] Level 1:colcon.colcon_core.package_identification:_identify(.) by extensions ['colcon_pkg']
[0.178s] Level 1:colcon.colcon_core.package_identification:_identify(.) by extension 'colcon_pkg'
[0.178s] Level 1:colcon.colcon_core.package_identification:_identify(.) by extensions ['colcon_meta']
[0.178s] Level 1:colcon.colcon_core.package_identification:_identify(.) by extension 'colcon_meta'
[0.178s] Level 1:colcon.colcon_core.package_identification:_identify(.) by extensions ['ros']
[0.178s] Level 1:colcon.colcon_core.package_identification:_identify(.) by extension 'ros'
[0.187s] Level 1:colcon.colcon_core.package_identification:_identify(.) by extensions ['cmake', 'python']
[0.187s] Level 1:colcon.colcon_core.package_identification:_identify(.) by extension 'cmake'
[0.187s] Level 1:colcon.colcon_core.package_identification:_identify(.) by extension 'python'
[0.187s] Level 1:colcon.colcon_core.package_identification:_identify(.) by extensions ['python_setup_py']
[0.188s] Level 1:colcon.colcon_core.package_identification:_identify(.) by extension 'python_setup_py'
[0.188s] Level 1:colcon.colcon_core.package_identification:_identify(build) by extensions ['ignore', 'ignore_ament_install']
[0.188s] Level 1:colcon.colcon_core.package_identification:_identify(build) by extension 'ignore'
[0.188s] Level 1:colcon.colcon_core.package_identification:_identify(build) ignored
[0.188s] Level 1:colcon.colcon_core.package_identification:_identify(install) by extensions ['ignore', 'ignore_ament_install']
[0.188s] Level 1:colcon.colcon_core.package_identification:_identify(install) by extension 'ignore'
[0.188s] Level 1:colcon.colcon_core.package_identification:_identify(install) ignored
[0.188s] Level 1:colcon.colcon_core.package_identification:_identify(log) by extensions ['ignore', 'ignore_ament_install']
[0.188s] Level 1:colcon.colcon_core.package_identification:_identify(log) by extension 'ignore'
[0.188s] Level 1:colcon.colcon_core.package_identification:_identify(log) ignored
[0.188s] Level 1:colcon.colcon_core.package_identification:_identify(src) by extensions ['ignore', 'ignore_ament_install']
[0.188s] Level 1:colcon.colcon_core.package_identification:_identify(src) by extension 'ignore'
[0.188s] Level 1:colcon.colcon_core.package_identification:_identify(src) by extension 'ignore_ament_install'
[0.188s] Level 1:colcon.colcon_core.package_identification:_identify(src) by extensions ['colcon_pkg']
[0.188s] Level 1:colcon.colcon_core.package_identification:_identify(src) by extension 'colcon_pkg'
[0.188s] Level 1:colcon.colcon_core.package_identification:_identify(src) by extensions ['colcon_meta']
[0.189s] Level 1:colcon.colcon_core.package_identification:_identify(src) by extension 'colcon_meta'
[0.189s] Level 1:colcon.colcon_core.package_identification:_identify(src) by extensions ['ros']
[0.189s] Level 1:colcon.colcon_core.package_identification:_identify(src) by extension 'ros'
[0.189s] Level 1:colcon.colcon_core.package_identification:_identify(src) by extensions ['cmake', 'python']
[0.189s] Level 1:colcon.colcon_core.package_identification:_identify(src) by extension 'cmake'
[0.189s] Level 1:colcon.colcon_core.package_identification:_identify(src) by extension 'python'
[0.189s] Level 1:colcon.colcon_core.package_identification:_identify(src) by extensions ['python_setup_py']
[0.189s] Level 1:colcon.colcon_core.package_identification:_identify(src) by extension 'python_setup_py'
[0.189s] Level 1:colcon.colcon_core.package_identification:_identify(src/ros2-serial) by extensions ['ignore', 'ignore_ament_install']
[0.189s] Level 1:colcon.colcon_core.package_identification:_identify(src/ros2-serial) by extension 'ignore'
[0.189s] Level 1:colcon.colcon_core.package_identification:_identify(src/ros2-serial) by extension 'ignore_ament_install'
[0.189s] Level 1:colcon.colcon_core.package_identification:_identify(src/ros2-serial) by extensions ['colcon_pkg']
[0.189s] Level 1:colcon.colcon_core.package_identification:_identify(src/ros2-serial) by extension 'colcon_pkg'
[0.189s] Level 1:colcon.colcon_core.package_identification:_identify(src/ros2-serial) by extensions ['colcon_meta']
[0.189s] Level 1:colcon.colcon_core.package_identification:_identify(src/ros2-serial) by extension 'colcon_meta'
[0.189s] Level 1:colcon.colcon_core.package_identification:_identify(src/ros2-serial) by extensions ['ros']
[0.189s] Level 1:colcon.colcon_core.package_identification:_identify(src/ros2-serial) by extension 'ros'
[0.191s] DEBUG:colcon.colcon_core.package_identification:Package 'src/ros2-serial' with type 'ros.ament_cmake' and name 'serial'
[0.191s] Level 1:colcon.colcon_core.package_identification:_identify(src/serial_util) by extensions ['ignore', 'ignore_ament_install']
[0.191s] Level 1:colcon.colcon_core.package_identification:_identify(src/serial_util) by extension 'ignore'
[0.191s] Level 1:colcon.colcon_core.package_identification:_identify(src/serial_util) by extension 'ignore_ament_install'
[0.191s] Level 1:colcon.colcon_core.package_identification:_identify(src/serial_util) by extensions ['colcon_pkg']
[0.191s] Level 1:colcon.colcon_core.package_identification:_identify(src/serial_util) by extension 'colcon_pkg'
[0.191s] Level 1:colcon.colcon_core.package_identification:_identify(src/serial_util) by extensions ['colcon_meta']
[0.191s] Level 1:colcon.colcon_core.package_identification:_identify(src/serial_util) by extension 'colcon_meta'
[0.191s] Level 1:colcon.colcon_core.package_identification:_identify(src/serial_util) by extensions ['ros']
[0.191s] Level 1:colcon.colcon_core.package_identification:_identify(src/serial_util) by extension 'ros'
[0.192s] DEBUG:colcon.colcon_core.package_identification:Package 'src/serial_util' with type 'ros.ament_cmake' and name 'serial_util'
[0.192s] Level 1:colcon.colcon_core.package_identification:_identify(src/uv-vision) by extensions ['ignore', 'ignore_ament_install']
[0.192s] Level 1:colcon.colcon_core.package_identification:_identify(src/uv-vision) by extension 'ignore'
[0.192s] Level 1:colcon.colcon_core.package_identification:_identify(src/uv-vision) by extension 'ignore_ament_install'
[0.192s] Level 1:colcon.colcon_core.package_identification:_identify(src/uv-vision) by extensions ['colcon_pkg']
[0.192s] Level 1:colcon.colcon_core.package_identification:_identify(src/uv-vision) by extension 'colcon_pkg'
[0.192s] Level 1:colcon.colcon_core.package_identification:_identify(src/uv-vision) by extensions ['colcon_meta']
[0.192s] Level 1:colcon.colcon_core.package_identification:_identify(src/uv-vision) by extension 'colcon_meta'
[0.192s] Level 1:colcon.colcon_core.package_identification:_identify(src/uv-vision) by extensions ['ros']
[0.192s] Level 1:colcon.colcon_core.package_identification:_identify(src/uv-vision) by extension 'ros'
[0.193s] DEBUG:colcon.colcon_core.package_identification:Package 'src/uv-vision' with type 'ros.ament_cmake' and name 'uv-vision'
[0.193s] Level 1:colcon.colcon_core.package_discovery:discover_packages(recursive) using defaults
[0.193s] Level 1:colcon.colcon_core.package_discovery:discover_packages(ignore) discover
[0.193s] Level 1:colcon.colcon_core.package_discovery:discover_packages(ignore) using defaults
[0.193s] Level 1:colcon.colcon_core.package_discovery:discover_packages(path) discover
[0.193s] Level 1:colcon.colcon_core.package_discovery:discover_packages(path) using defaults
[0.208s] INFO:colcon.colcon_core.package_selection:Skipping not selected package 'serial' in 'src/ros2-serial'
[0.208s] INFO:colcon.colcon_core.package_selection:Skipping not selected package 'uv-vision' in 'src/uv-vision'
[0.208s] Level 5:colcon.colcon_core.verb:set package 'serial_util' build argument 'cmake_args' from command line to 'None'
[0.208s] Level 5:colcon.colcon_core.verb:set package 'serial_util' build argument 'cmake_target' from command line to 'None'
[0.208s] Level 5:colcon.colcon_core.verb:set package 'serial_util' build argument 'cmake_target_skip_unavailable' from command line to 'False'
[0.208s] Level 5:colcon.colcon_core.verb:set package 'serial_util' build argument 'cmake_clean_cache' from command line to 'False'
[0.208s] Level 5:colcon.colcon_core.verb:set package 'serial_util' build argument 'cmake_clean_first' from command line to 'False'
[0.208s] Level 5:colcon.colcon_core.verb:set package 'serial_util' build argument 'cmake_force_configure' from command line to 'False'
[0.208s] Level 5:colcon.colcon_core.verb:set package 'serial_util' build argument 'ament_cmake_args' from command line to 'None'
[0.208s] Level 5:colcon.colcon_core.verb:set package 'serial_util' build argument 'catkin_cmake_args' from command line to 'None'
[0.208s] Level 5:colcon.colcon_core.verb:set package 'serial_util' build argument 'catkin_skip_building_tests' from command line to 'False'
[0.208s] DEBUG:colcon.colcon_core.verb:Building package 'serial_util' with the following arguments: {'ament_cmake_args': None, 'build_base': '/workspaces/reuv/re-uv_ws/build/serial_util', 'catkin_cmake_args': None, 'catkin_skip_building_tests': False, 'cmake_args': None, 'cmake_clean_cache': False, 'cmake_clean_first': False, 'cmake_force_configure': False, 'cmake_target': None, 'cmake_target_skip_unavailable': False, 'install_base': '/workspaces/reuv/re-uv_ws/install/serial_util', 'merge_install': False, 'path': '/workspaces/reuv/re-uv_ws/src/serial_util', 'symlink_install': False, 'test_result_base': None}
[0.209s] INFO:colcon.colcon_core.executor:Executing jobs using 'parallel' executor
[0.209s] DEBUG:colcon.colcon_parallel_executor.executor.parallel:run_until_complete
[0.210s] INFO:colcon.colcon_ros.task.ament_cmake.build:Building ROS package in '/workspaces/reuv/re-uv_ws/src/serial_util' with build type 'ament_cmake'
[0.210s] INFO:colcon.colcon_cmake.task.cmake.build:Building CMake package in '/workspaces/reuv/re-uv_ws/src/serial_util'
[0.211s] INFO:colcon.colcon_core.plugin_system:Skipping extension 'colcon_core.shell.bat': Not used on non-Windows systems
[0.212s] INFO:colcon.colcon_core.shell:Skip shell extension 'powershell' for command environment: Not usable outside of PowerShell
[0.212s] DEBUG:colcon.colcon_core.shell:Skip shell extension 'dsv' for command environment
[0.222s] DEBUG:colcon.colcon_core.event_handler.log_command:Invoking command in '/workspaces/reuv/re-uv_ws/build/serial_util': AMENT_PREFIX_PATH=/workspaces/reuv/re-uv_ws/install/serial:${AMENT_PREFIX_PATH} CMAKE_PREFIX_PATH=/workspaces/reuv/re-uv_ws/install/serial:/opt/ros/humble LD_LIBRARY_PATH=/workspaces/reuv/re-uv_ws/install/serial/lib:${LD_LIBRARY_PATH} /usr/bin/cmake --build /workspaces/reuv/re-uv_ws/build/serial_util -- -j16 -l16
[0.254s] DEBUG:colcon.colcon_core.event_handler.log_command:Invoked command in '/workspaces/reuv/re-uv_ws/build/serial_util' returned '0': AMENT_PREFIX_PATH=/workspaces/reuv/re-uv_ws/install/serial:${AMENT_PREFIX_PATH} CMAKE_PREFIX_PATH=/workspaces/reuv/re-uv_ws/install/serial:/opt/ros/humble LD_LIBRARY_PATH=/workspaces/reuv/re-uv_ws/install/serial/lib:${LD_LIBRARY_PATH} /usr/bin/cmake --build /workspaces/reuv/re-uv_ws/build/serial_util -- -j16 -l16
[0.280s] DEBUG:colcon.colcon_core.event_handler.log_command:Invoking command in '/workspaces/reuv/re-uv_ws/build/serial_util': AMENT_PREFIX_PATH=/workspaces/reuv/re-uv_ws/install/serial:${AMENT_PREFIX_PATH} CMAKE_PREFIX_PATH=/workspaces/reuv/re-uv_ws/install/serial:/opt/ros/humble LD_LIBRARY_PATH=/workspaces/reuv/re-uv_ws/install/serial/lib:${LD_LIBRARY_PATH} /usr/bin/cmake --install /workspaces/reuv/re-uv_ws/build/serial_util
[0.291s] Level 1:colcon.colcon_core.environment:create_environment_scripts_only(serial_util)
[0.291s] DEBUG:colcon.colcon_core.event_handler.log_command:Invoked command in '/workspaces/reuv/re-uv_ws/build/serial_util' returned '0': AMENT_PREFIX_PATH=/workspaces/reuv/re-uv_ws/install/serial:${AMENT_PREFIX_PATH} CMAKE_PREFIX_PATH=/workspaces/reuv/re-uv_ws/install/serial:/opt/ros/humble LD_LIBRARY_PATH=/workspaces/reuv/re-uv_ws/install/serial/lib:${LD_LIBRARY_PATH} /usr/bin/cmake --install /workspaces/reuv/re-uv_ws/build/serial_util
[0.293s] Level 1:colcon.colcon_core.environment:checking '/workspaces/reuv/re-uv_ws/install/serial_util' for CMake module files
[0.293s] Level 1:colcon.colcon_core.environment:checking '/workspaces/reuv/re-uv_ws/install/serial_util' for CMake config files
[0.294s] Level 1:colcon.colcon_core.shell:create_environment_hook('serial_util', 'cmake_prefix_path')
[0.294s] INFO:colcon.colcon_core.shell:Creating environment hook '/workspaces/reuv/re-uv_ws/install/serial_util/share/serial_util/hook/cmake_prefix_path.ps1'
[0.294s] INFO:colcon.colcon_core.shell:Creating environment descriptor '/workspaces/reuv/re-uv_ws/install/serial_util/share/serial_util/hook/cmake_prefix_path.dsv'
[0.295s] INFO:colcon.colcon_core.shell:Creating environment hook '/workspaces/reuv/re-uv_ws/install/serial_util/share/serial_util/hook/cmake_prefix_path.sh'
[0.295s] Level 1:colcon.colcon_core.environment:checking '/workspaces/reuv/re-uv_ws/install/serial_util/bin'
[0.295s] Level 1:colcon.colcon_core.environment:checking '/workspaces/reuv/re-uv_ws/install/serial_util/lib/pkgconfig/serial_util.pc'
[0.297s] Level 1:colcon.colcon_core.environment:checking '/workspaces/reuv/re-uv_ws/install/serial_util/lib/python3.10/site-packages'
[0.297s] Level 1:colcon.colcon_core.environment:checking '/workspaces/reuv/re-uv_ws/install/serial_util/bin'
[0.297s] INFO:colcon.colcon_core.shell:Creating package script '/workspaces/reuv/re-uv_ws/install/serial_util/share/serial_util/package.ps1'
[0.298s] INFO:colcon.colcon_core.shell:Creating package descriptor '/workspaces/reuv/re-uv_ws/install/serial_util/share/serial_util/package.dsv'
[0.298s] INFO:colcon.colcon_core.shell:Creating package script '/workspaces/reuv/re-uv_ws/install/serial_util/share/serial_util/package.sh'
[0.298s] INFO:colcon.colcon_core.shell:Creating package script '/workspaces/reuv/re-uv_ws/install/serial_util/share/serial_util/package.bash'
[0.299s] INFO:colcon.colcon_core.shell:Creating package script '/workspaces/reuv/re-uv_ws/install/serial_util/share/serial_util/package.zsh'
[0.299s] Level 1:colcon.colcon_core.environment:create_file_with_runtime_dependencies(/workspaces/reuv/re-uv_ws/install/serial_util/share/colcon-core/packages/serial_util)
[0.318s] Level 1:colcon.colcon_core.environment:create_environment_scripts_only(serial_util)
[0.319s] Level 1:colcon.colcon_core.environment:checking '/workspaces/reuv/re-uv_ws/install/serial_util' for CMake module files
[0.319s] Level 1:colcon.colcon_core.environment:checking '/workspaces/reuv/re-uv_ws/install/serial_util' for CMake config files
[0.319s] Level 1:colcon.colcon_core.shell:create_environment_hook('serial_util', 'cmake_prefix_path')
[0.319s] INFO:colcon.colcon_core.shell:Creating environment hook '/workspaces/reuv/re-uv_ws/install/serial_util/share/serial_util/hook/cmake_prefix_path.ps1'
[0.320s] INFO:colcon.colcon_core.shell:Creating environment descriptor '/workspaces/reuv/re-uv_ws/install/serial_util/share/serial_util/hook/cmake_prefix_path.dsv'
[0.320s] INFO:colcon.colcon_core.shell:Creating environment hook '/workspaces/reuv/re-uv_ws/install/serial_util/share/serial_util/hook/cmake_prefix_path.sh'
[0.320s] Level 1:colcon.colcon_core.environment:checking '/workspaces/reuv/re-uv_ws/install/serial_util/bin'
[0.320s] Level 1:colcon.colcon_core.environment:checking '/workspaces/reuv/re-uv_ws/install/serial_util/lib/pkgconfig/serial_util.pc'
[0.321s] Level 1:colcon.colcon_core.environment:checking '/workspaces/reuv/re-uv_ws/install/serial_util/lib/python3.10/site-packages'
[0.321s] Level 1:colcon.colcon_core.environment:checking '/workspaces/reuv/re-uv_ws/install/serial_util/bin'
[0.321s] INFO:colcon.colcon_core.shell:Creating package script '/workspaces/reuv/re-uv_ws/install/serial_util/share/serial_util/package.ps1'
[0.321s] INFO:colcon.colcon_core.shell:Creating package descriptor '/workspaces/reuv/re-uv_ws/install/serial_util/share/serial_util/package.dsv'
[0.322s] INFO:colcon.colcon_core.shell:Creating package script '/workspaces/reuv/re-uv_ws/install/serial_util/share/serial_util/package.sh'
[0.322s] INFO:colcon.colcon_core.shell:Creating package script '/workspaces/reuv/re-uv_ws/install/serial_util/share/serial_util/package.bash'
[0.322s] INFO:colcon.colcon_core.shell:Creating package script '/workspaces/reuv/re-uv_ws/install/serial_util/share/serial_util/package.zsh'
[0.322s] Level 1:colcon.colcon_core.environment:create_file_with_runtime_dependencies(/workspaces/reuv/re-uv_ws/install/serial_util/share/colcon-core/packages/serial_util)
[0.323s] DEBUG:colcon.colcon_parallel_executor.executor.parallel:closing loop
[0.323s] DEBUG:colcon.colcon_parallel_executor.executor.parallel:loop closed
[0.323s] DEBUG:colcon.colcon_parallel_executor.executor.parallel:run_until_complete finished with '0'
[0.323s] DEBUG:colcon.colcon_core.event_reactor:joining thread
[0.328s] INFO:colcon.colcon_core.plugin_system:Skipping extension 'colcon_notification.desktop_notification.notify_send': Could not find 'notify-send'
[0.328s] INFO:colcon.colcon_core.plugin_system:Skipping extension 'colcon_notification.desktop_notification.terminal_notifier': Not used on non-Darwin systems
[0.328s] INFO:colcon.colcon_core.plugin_system:Skipping extension 'colcon_notification.desktop_notification.win32': Not used on non-Windows systems
[0.328s] INFO:colcon.colcon_notification.desktop_notification:Sending desktop notification using 'notify2'
[0.330s] DEBUG:colcon.colcon_notification.desktop_notification.notify2:Failed to initialize notify2: org.freedesktop.DBus.Error.Spawn.ExecFailed: /usr/bin/dbus-launch terminated abnormally without any error message
[0.331s] DEBUG:colcon.colcon_core.event_reactor:joined thread
[0.331s] INFO:colcon.colcon_core.shell:Creating prefix script '/workspaces/reuv/re-uv_ws/install/local_setup.ps1'
[0.332s] INFO:colcon.colcon_core.shell:Creating prefix util module '/workspaces/reuv/re-uv_ws/install/_local_setup_util_ps1.py'
[0.333s] INFO:colcon.colcon_core.shell:Creating prefix chain script '/workspaces/reuv/re-uv_ws/install/setup.ps1'
[0.334s] INFO:colcon.colcon_core.shell:Creating prefix script '/workspaces/reuv/re-uv_ws/install/local_setup.sh'
[0.334s] INFO:colcon.colcon_core.shell:Creating prefix util module '/workspaces/reuv/re-uv_ws/install/_local_setup_util_sh.py'
[0.335s] INFO:colcon.colcon_core.shell:Creating prefix chain script '/workspaces/reuv/re-uv_ws/install/setup.sh'
[0.336s] INFO:colcon.colcon_core.shell:Creating prefix script '/workspaces/reuv/re-uv_ws/install/local_setup.bash'
[0.336s] INFO:colcon.colcon_core.shell:Creating prefix chain script '/workspaces/reuv/re-uv_ws/install/setup.bash'
[0.337s] INFO:colcon.colcon_core.shell:Creating prefix script '/workspaces/reuv/re-uv_ws/install/local_setup.zsh'
[0.337s] INFO:colcon.colcon_core.shell:Creating prefix chain script '/workspaces/reuv/re-uv_ws/install/setup.zsh'
