[0.009s] Invoking command in '/workspaces/reuv/re-uv_ws/build/serial': CMAKE_PREFIX_PATH=/opt/ros/humble /usr/bin/cmake /workspaces/reuv/re-uv_ws/src/ros2-serial -DCMAKE_INSTALL_PREFIX=/workspaces/reuv/re-uv_ws/install/serial
[0.054s] -- The C compiler identification is GNU 11.4.0
[0.099s] -- The CXX compiler identification is GNU 11.4.0
[0.107s] -- Detecting C compiler ABI info
[0.165s] -- Detecting C compiler ABI info - done
[0.170s] -- Check for working C compiler: /usr/bin/cc - skipped
[0.170s] -- Detecting C compile features
[0.170s] -- Detecting C compile features - done
[0.173s] -- Detecting CXX compiler ABI info
[0.243s] -- Detecting CXX compiler ABI info - done
[0.249s] -- Check for working CXX compiler: /usr/bin/c++ - skipped
[0.249s] -- Detecting CXX compile features
[0.249s] -- Detecting CXX compile features - done
[0.251s] -- Found ament_cmake_auto: 1.3.8 (/opt/ros/humble/share/ament_cmake_auto/cmake)
[0.351s] -- Found Python3: /usr/bin/python3 (found version "3.10.12") found components: Interpreter 
[0.471s] -- Configuring done
[0.476s] -- Generating done
[0.476s] -- Build files have been written to: /workspaces/reuv/re-uv_ws/build/serial
[0.480s] Invoked command in '/workspaces/reuv/re-uv_ws/build/serial' returned '0': CMAKE_PREFIX_PATH=/opt/ros/humble /usr/bin/cmake /workspaces/reuv/re-uv_ws/src/ros2-serial -DCMAKE_INSTALL_PREFIX=/workspaces/reuv/re-uv_ws/install/serial
[0.482s] Invoking command in '/workspaces/reuv/re-uv_ws/build/serial': CMAKE_PREFIX_PATH=/opt/ros/humble /usr/bin/cmake --build /workspaces/reuv/re-uv_ws/build/serial -- -j16 -l16
[0.525s] [ 50%] [32mBuilding CXX object CMakeFiles/serial.dir/src/serial.cc.o[0m
[0.525s] [ 50%] [32mBuilding CXX object CMakeFiles/serial.dir/src/impl/list_ports/list_ports_linux.cc.o[0m
[0.525s] [ 75%] [32mBuilding CXX object CMakeFiles/serial.dir/src/impl/unix.cc.o[0m
[0.976s] [100%] [32m[1mLinking CXX shared library libserial.so[0m
[1.038s] [100%] Built target serial
[1.048s] Invoked command in '/workspaces/reuv/re-uv_ws/build/serial' returned '0': CMAKE_PREFIX_PATH=/opt/ros/humble /usr/bin/cmake --build /workspaces/reuv/re-uv_ws/build/serial -- -j16 -l16
[1.074s] Invoking command in '/workspaces/reuv/re-uv_ws/build/serial': CMAKE_PREFIX_PATH=/opt/ros/humble /usr/bin/cmake --install /workspaces/reuv/re-uv_ws/build/serial
[1.080s] -- Install configuration: ""
[1.080s] -- Installing: /workspaces/reuv/re-uv_ws/install/serial/include
[1.080s] -- Installing: /workspaces/reuv/re-uv_ws/install/serial/include/serial
[1.080s] -- Installing: /workspaces/reuv/re-uv_ws/install/serial/include/serial/impl
[1.080s] -- Installing: /workspaces/reuv/re-uv_ws/install/serial/include/serial/impl/unix.h
[1.080s] -- Installing: /workspaces/reuv/re-uv_ws/install/serial/include/serial/impl/win.h
[1.080s] -- Installing: /workspaces/reuv/re-uv_ws/install/serial/include/serial/serial.h
[1.081s] -- Installing: /workspaces/reuv/re-uv_ws/install/serial/include/serial/v8stdint.h
[1.081s] -- Installing: /workspaces/reuv/re-uv_ws/install/serial/share/serial/environment/library_path.sh
[1.081s] -- Installing: /workspaces/reuv/re-uv_ws/install/serial/share/serial/environment/library_path.dsv
[1.081s] -- Installing: /workspaces/reuv/re-uv_ws/install/serial/lib/libserial.so
[1.082s] -- Installing: /workspaces/reuv/re-uv_ws/install/serial/share/ament_index/resource_index/package_run_dependencies/serial
[1.082s] -- Installing: /workspaces/reuv/re-uv_ws/install/serial/share/ament_index/resource_index/parent_prefix_path/serial
[1.082s] -- Installing: /workspaces/reuv/re-uv_ws/install/serial/share/serial/environment/ament_prefix_path.sh
[1.082s] -- Installing: /workspaces/reuv/re-uv_ws/install/serial/share/serial/environment/ament_prefix_path.dsv
[1.082s] -- Installing: /workspaces/reuv/re-uv_ws/install/serial/share/serial/environment/path.sh
[1.082s] -- Installing: /workspaces/reuv/re-uv_ws/install/serial/share/serial/environment/path.dsv
[1.083s] -- Installing: /workspaces/reuv/re-uv_ws/install/serial/share/serial/local_setup.bash
[1.083s] -- Installing: /workspaces/reuv/re-uv_ws/install/serial/share/serial/local_setup.sh
[1.083s] -- Installing: /workspaces/reuv/re-uv_ws/install/serial/share/serial/local_setup.zsh
[1.083s] -- Installing: /workspaces/reuv/re-uv_ws/install/serial/share/serial/local_setup.dsv
[1.083s] -- Installing: /workspaces/reuv/re-uv_ws/install/serial/share/serial/package.dsv
[1.083s] -- Installing: /workspaces/reuv/re-uv_ws/install/serial/share/ament_index/resource_index/packages/serial
[1.084s] -- Installing: /workspaces/reuv/re-uv_ws/install/serial/share/serial/cmake/ament_cmake_export_include_directories-extras.cmake
[1.084s] -- Installing: /workspaces/reuv/re-uv_ws/install/serial/share/serial/cmake/ament_cmake_export_libraries-extras.cmake
[1.084s] -- Installing: /workspaces/reuv/re-uv_ws/install/serial/share/serial/cmake/serialConfig.cmake
[1.084s] -- Installing: /workspaces/reuv/re-uv_ws/install/serial/share/serial/cmake/serialConfig-version.cmake
[1.084s] -- Installing: /workspaces/reuv/re-uv_ws/install/serial/share/serial/package.xml
[1.086s] Invoked command in '/workspaces/reuv/re-uv_ws/build/serial' returned '0': CMAKE_PREFIX_PATH=/opt/ros/humble /usr/bin/cmake --install /workspaces/reuv/re-uv_ws/build/serial
