-- Install configuration: ""
-- Installing: /workspaces/reuv/re-uv_ws/install/serial_util/include
-- Installing: /workspaces/reuv/re-uv_ws/install/serial_util/include/serial_util
-- Installing: /workspaces/reuv/re-uv_ws/install/serial_util/include/serial_util/crc
-- Installing: /workspaces/reuv/re-uv_ws/install/serial_util/include/serial_util/crc/dji_crc.hpp
-- Installing: /workspaces/reuv/re-uv_ws/install/serial_util/include/serial_util/package_receive.hpp
-- Installing: /workspaces/reuv/re-uv_ws/install/serial_util/include/serial_util/tick_timer.hpp
-- Installing: /workspaces/reuv/re-uv_ws/install/serial_util/share/ament_index/resource_index/package_run_dependencies/serial_util
-- Installing: /workspaces/reuv/re-uv_ws/install/serial_util/share/ament_index/resource_index/parent_prefix_path/serial_util
-- Installing: /workspaces/reuv/re-uv_ws/install/serial_util/share/serial_util/environment/ament_prefix_path.sh
-- Installing: /workspaces/reuv/re-uv_ws/install/serial_util/share/serial_util/environment/ament_prefix_path.dsv
-- Installing: /workspaces/reuv/re-uv_ws/install/serial_util/share/serial_util/environment/path.sh
-- Installing: /workspaces/reuv/re-uv_ws/install/serial_util/share/serial_util/environment/path.dsv
-- Installing: /workspaces/reuv/re-uv_ws/install/serial_util/share/serial_util/local_setup.bash
-- Installing: /workspaces/reuv/re-uv_ws/install/serial_util/share/serial_util/local_setup.sh
-- Installing: /workspaces/reuv/re-uv_ws/install/serial_util/share/serial_util/local_setup.zsh
-- Installing: /workspaces/reuv/re-uv_ws/install/serial_util/share/serial_util/local_setup.dsv
-- Installing: /workspaces/reuv/re-uv_ws/install/serial_util/share/serial_util/package.dsv
-- Installing: /workspaces/reuv/re-uv_ws/install/serial_util/share/ament_index/resource_index/packages/serial_util
-- Installing: /workspaces/reuv/re-uv_ws/install/serial_util/share/serial_util/cmake/ament_cmake_export_dependencies-extras.cmake
-- Installing: /workspaces/reuv/re-uv_ws/install/serial_util/share/serial_util/cmake/ament_cmake_export_include_directories-extras.cmake
-- Installing: /workspaces/reuv/re-uv_ws/install/serial_util/share/serial_util/cmake/serial_utilConfig.cmake
-- Installing: /workspaces/reuv/re-uv_ws/install/serial_util/share/serial_util/cmake/serial_utilConfig-version.cmake
-- Installing: /workspaces/reuv/re-uv_ws/install/serial_util/share/serial_util/package.xml
