[0.011s] Invoking command in '/workspaces/reuv/re-uv_ws/build/serial_util': AMENT_PREFIX_PATH=/workspaces/reuv/re-uv_ws/install/serial:${AMENT_PREFIX_PATH} CMAKE_PREFIX_PATH=/workspaces/reuv/re-uv_ws/install/serial:/opt/ros/humble LD_LIBRARY_PATH=/workspaces/reuv/re-uv_ws/install/serial/lib:${LD_LIBRARY_PATH} /usr/bin/cmake --build /workspaces/reuv/re-uv_ws/build/serial_util -- -j16 -l16
[0.044s] Invoked command in '/workspaces/reuv/re-uv_ws/build/serial_util' returned '0': AMENT_PREFIX_PATH=/workspaces/reuv/re-uv_ws/install/serial:${AMENT_PREFIX_PATH} CMAKE_PREFIX_PATH=/workspaces/reuv/re-uv_ws/install/serial:/opt/ros/humble LD_LIBRARY_PATH=/workspaces/reuv/re-uv_ws/install/serial/lib:${LD_LIBRARY_PATH} /usr/bin/cmake --build /workspaces/reuv/re-uv_ws/build/serial_util -- -j16 -l16
[0.070s] Invoking command in '/workspaces/reuv/re-uv_ws/build/serial_util': AMENT_PREFIX_PATH=/workspaces/reuv/re-uv_ws/install/serial:${AMENT_PREFIX_PATH} CMAKE_PREFIX_PATH=/workspaces/reuv/re-uv_ws/install/serial:/opt/ros/humble LD_LIBRARY_PATH=/workspaces/reuv/re-uv_ws/install/serial/lib:${LD_LIBRARY_PATH} /usr/bin/cmake --install /workspaces/reuv/re-uv_ws/build/serial_util
[0.076s] -- Install configuration: ""
[0.076s] -- Installing: /workspaces/reuv/re-uv_ws/install/serial_util/include
[0.076s] -- Installing: /workspaces/reuv/re-uv_ws/install/serial_util/include/serial_util
[0.076s] -- Installing: /workspaces/reuv/re-uv_ws/install/serial_util/include/serial_util/crc
[0.076s] -- Installing: /workspaces/reuv/re-uv_ws/install/serial_util/include/serial_util/crc/dji_crc.hpp
[0.076s] -- Installing: /workspaces/reuv/re-uv_ws/install/serial_util/include/serial_util/package_receive.hpp
[0.076s] -- Installing: /workspaces/reuv/re-uv_ws/install/serial_util/include/serial_util/tick_timer.hpp
[0.077s] -- Installing: /workspaces/reuv/re-uv_ws/install/serial_util/share/ament_index/resource_index/package_run_dependencies/serial_util
[0.077s] -- Installing: /workspaces/reuv/re-uv_ws/install/serial_util/share/ament_index/resource_index/parent_prefix_path/serial_util
[0.077s] -- Installing: /workspaces/reuv/re-uv_ws/install/serial_util/share/serial_util/environment/ament_prefix_path.sh
[0.077s] -- Installing: /workspaces/reuv/re-uv_ws/install/serial_util/share/serial_util/environment/ament_prefix_path.dsv
[0.077s] -- Installing: /workspaces/reuv/re-uv_ws/install/serial_util/share/serial_util/environment/path.sh
[0.078s] -- Installing: /workspaces/reuv/re-uv_ws/install/serial_util/share/serial_util/environment/path.dsv
[0.078s] -- Installing: /workspaces/reuv/re-uv_ws/install/serial_util/share/serial_util/local_setup.bash
[0.078s] -- Installing: /workspaces/reuv/re-uv_ws/install/serial_util/share/serial_util/local_setup.sh
[0.078s] -- Installing: /workspaces/reuv/re-uv_ws/install/serial_util/share/serial_util/local_setup.zsh
[0.078s] -- Installing: /workspaces/reuv/re-uv_ws/install/serial_util/share/serial_util/local_setup.dsv
[0.078s] -- Installing: /workspaces/reuv/re-uv_ws/install/serial_util/share/serial_util/package.dsv
[0.078s] -- Installing: /workspaces/reuv/re-uv_ws/install/serial_util/share/ament_index/resource_index/packages/serial_util
[0.079s] -- Installing: /workspaces/reuv/re-uv_ws/install/serial_util/share/serial_util/cmake/ament_cmake_export_dependencies-extras.cmake
[0.079s] -- Installing: /workspaces/reuv/re-uv_ws/install/serial_util/share/serial_util/cmake/ament_cmake_export_include_directories-extras.cmake
[0.079s] -- Installing: /workspaces/reuv/re-uv_ws/install/serial_util/share/serial_util/cmake/serial_utilConfig.cmake
[0.079s] -- Installing: /workspaces/reuv/re-uv_ws/install/serial_util/share/serial_util/cmake/serial_utilConfig-version.cmake
[0.079s] -- Installing: /workspaces/reuv/re-uv_ws/install/serial_util/share/serial_util/package.xml
[0.081s] Invoked command in '/workspaces/reuv/re-uv_ws/build/serial_util' returned '0': AMENT_PREFIX_PATH=/workspaces/reuv/re-uv_ws/install/serial:${AMENT_PREFIX_PATH} CMAKE_PREFIX_PATH=/workspaces/reuv/re-uv_ws/install/serial:/opt/ros/humble LD_LIBRARY_PATH=/workspaces/reuv/re-uv_ws/install/serial/lib:${LD_LIBRARY_PATH} /usr/bin/cmake --install /workspaces/reuv/re-uv_ws/build/serial_util
