[0.009s] Invoking command in '/workspaces/reuv/re-uv_ws/build/uv-vision': CMAKE_PREFIX_PATH=${CMAKE_PREFIX_PATH}:/opt/ros/humble /usr/bin/cmake --build /workspaces/reuv/re-uv_ws/build/uv-vision -- -j16 -l16
[0.029s] -- Found ament_cmake: 1.3.8 (/opt/ros/humble/share/ament_cmake/cmake)
[0.118s] -- Found rclcpp: 16.0.8 (/opt/ros/humble/share/rclcpp/cmake)
[0.140s] -- Found rosidl_generator_c: 3.1.5 (/opt/ros/humble/share/rosidl_generator_c/cmake)
[0.142s] -- Found rosidl_adapter: 3.1.5 (/opt/ros/humble/share/rosidl_adapter/cmake)
[0.147s] -- Found rosidl_generator_cpp: 3.1.5 (/opt/ros/humble/share/rosidl_generator_cpp/cmake)
[0.156s] -- Using all available rosidl_typesupport_c: rosidl_typesupport_fastrtps_c;rosidl_typesupport_introspection_c
[0.168s] -- Using all available rosidl_typesupport_cpp: rosidl_typesupport_fastrtps_cpp;rosidl_typesupport_introspection_cpp
[0.214s] -- Found rmw_implementation_cmake: 6.1.1 (/opt/ros/humble/share/rmw_implementation_cmake/cmake)
[0.215s] -- Found rmw_fastrtps_cpp: 6.2.6 (/opt/ros/humble/share/rmw_fastrtps_cpp/cmake)
[0.322s] -- Using RMW implementation 'rmw_fastrtps_cpp' as default
[0.444s] -- Found serial_util: 1.0.0 (/workspaces/reuv/re-uv_ws/install/serial_util/share/serial_util/cmake)
[0.504s] -- Configuring done
[0.521s] -- Generating done
[0.521s] -- Build files have been written to: /workspaces/reuv/re-uv_ws/build/uv-vision
[0.556s] [ 50%] [32mBuilding CXX object CMakeFiles/uv-vision.dir/src/uv-vision.cpp.o[0m
[0.793s] [100%] [32m[1mLinking CXX executable uv-vision[0m
[0.973s] [100%] Built target uv-vision
[0.983s] Invoked command in '/workspaces/reuv/re-uv_ws/build/uv-vision' returned '0': CMAKE_PREFIX_PATH=${CMAKE_PREFIX_PATH}:/opt/ros/humble /usr/bin/cmake --build /workspaces/reuv/re-uv_ws/build/uv-vision -- -j16 -l16
[1.006s] Invoking command in '/workspaces/reuv/re-uv_ws/build/uv-vision': CMAKE_PREFIX_PATH=${CMAKE_PREFIX_PATH}:/opt/ros/humble /usr/bin/cmake --install /workspaces/reuv/re-uv_ws/build/uv-vision
[1.012s] -- Install configuration: ""
[1.012s] -- Installing: /workspaces/reuv/re-uv_ws/install/uv-vision/lib/uv-vision/uv-vision
[1.013s] -- Set runtime path of "/workspaces/reuv/re-uv_ws/install/uv-vision/lib/uv-vision/uv-vision" to ""
[1.013s] -- Up-to-date: /workspaces/reuv/re-uv_ws/install/uv-vision/share/ament_index/resource_index/package_run_dependencies/uv-vision
[1.013s] -- Installing: /workspaces/reuv/re-uv_ws/install/uv-vision/share/ament_index/resource_index/parent_prefix_path/uv-vision
[1.013s] -- Up-to-date: /workspaces/reuv/re-uv_ws/install/uv-vision/share/uv-vision/environment/ament_prefix_path.sh
[1.013s] -- Installing: /workspaces/reuv/re-uv_ws/install/uv-vision/share/uv-vision/environment/ament_prefix_path.dsv
[1.013s] -- Up-to-date: /workspaces/reuv/re-uv_ws/install/uv-vision/share/uv-vision/environment/path.sh
[1.013s] -- Installing: /workspaces/reuv/re-uv_ws/install/uv-vision/share/uv-vision/environment/path.dsv
[1.014s] -- Up-to-date: /workspaces/reuv/re-uv_ws/install/uv-vision/share/uv-vision/local_setup.bash
[1.014s] -- Up-to-date: /workspaces/reuv/re-uv_ws/install/uv-vision/share/uv-vision/local_setup.sh
[1.014s] -- Up-to-date: /workspaces/reuv/re-uv_ws/install/uv-vision/share/uv-vision/local_setup.zsh
[1.014s] -- Installing: /workspaces/reuv/re-uv_ws/install/uv-vision/share/uv-vision/local_setup.dsv
[1.014s] -- Installing: /workspaces/reuv/re-uv_ws/install/uv-vision/share/uv-vision/package.dsv
[1.014s] -- Up-to-date: /workspaces/reuv/re-uv_ws/install/uv-vision/share/ament_index/resource_index/packages/uv-vision
[1.014s] -- Up-to-date: /workspaces/reuv/re-uv_ws/install/uv-vision/share/uv-vision/cmake/uv-visionConfig.cmake
[1.014s] -- Up-to-date: /workspaces/reuv/re-uv_ws/install/uv-vision/share/uv-vision/cmake/uv-visionConfig-version.cmake
[1.014s] -- Up-to-date: /workspaces/reuv/re-uv_ws/install/uv-vision/share/uv-vision/package.xml
[1.016s] Invoked command in '/workspaces/reuv/re-uv_ws/build/uv-vision' returned '0': CMAKE_PREFIX_PATH=${CMAKE_PREFIX_PATH}:/opt/ros/humble /usr/bin/cmake --install /workspaces/reuv/re-uv_ws/build/uv-vision
