[0.009s] Invoking command in '/workspaces/reuv/re-uv_ws/build/uv-vision': CMAKE_PREFIX_PATH=/opt/ros/humble /usr/bin/cmake --build /workspaces/reuv/re-uv_ws/build/uv-vision -- -j16 -l16
[0.028s] -- Found ament_cmake: 1.3.8 (/opt/ros/humble/share/ament_cmake/cmake)
[0.127s] -- Found rclcpp: 16.0.8 (/opt/ros/humble/share/rclcpp/cmake)
[0.149s] -- Found rosidl_generator_c: 3.1.5 (/opt/ros/humble/share/rosidl_generator_c/cmake)
[0.151s] -- Found rosidl_adapter: 3.1.5 (/opt/ros/humble/share/rosidl_adapter/cmake)
[0.157s] -- Found rosidl_generator_cpp: 3.1.5 (/opt/ros/humble/share/rosidl_generator_cpp/cmake)
[0.165s] -- Using all available rosidl_typesupport_c: rosidl_typesupport_fastrtps_c;rosidl_typesupport_introspection_c
[0.178s] -- Using all available rosidl_typesupport_cpp: rosidl_typesupport_fastrtps_cpp;rosidl_typesupport_introspection_cpp
[0.225s] -- Found rmw_implementation_cmake: 6.1.1 (/opt/ros/humble/share/rmw_implementation_cmake/cmake)
[0.226s] -- Found rmw_fastrtps_cpp: 6.2.6 (/opt/ros/humble/share/rmw_fastrtps_cpp/cmake)
[0.339s] -- Using RMW implementation 'rmw_fastrtps_cpp' as default
[0.476s] [31mCMake Error at CMakeLists.txt:13 (find_package):
[0.476s]   By not providing "Findserial.cmake" in CMAKE_MODULE_PATH this project has
[0.476s]   asked CMake to find a package configuration file provided by "serial", but
[0.476s]   CMake did not find one.
[0.476s] 
[0.477s]   Could not find a package configuration file provided by "serial" with any
[0.477s]   of the following names:
[0.477s] 
[0.477s]     serialConfig.cmake
[0.477s]     serial-config.cmake
[0.477s] 
[0.477s]   Add the installation prefix of "serial" to CMAKE_PREFIX_PATH or set
[0.477s]   "serial_DIR" to a directory containing one of the above files.  If "serial"
[0.477s]   provides a separate development package or SDK, be sure it has been
[0.477s]   installed.
[0.477s] 
[0.477s] [0m
[0.477s] -- Configuring incomplete, errors occurred!
[0.477s] See also "/workspaces/reuv/re-uv_ws/build/uv-vision/CMakeFiles/CMakeOutput.log".
[0.481s] gmake: *** [Makefile:226: cmake_check_build_system] Error 1
[0.483s] Invoked command in '/workspaces/reuv/re-uv_ws/build/uv-vision' returned '2': CMAKE_PREFIX_PATH=/opt/ros/humble /usr/bin/cmake --build /workspaces/reuv/re-uv_ws/build/uv-vision -- -j16 -l16
