-- Found ament_cmake_auto: 1.3.8 (/opt/ros/humble/share/ament_cmake_auto/cmake)
-- Override CMake install command with custom implementation using symlinks instead of copying resources
-- Configuring done
-- Generating done
-- Build files have been written to: /workspaces/reuv/re-uv_ws/build/serial_util
-- Install configuration: ""
-- Execute custom install script
-- Symlinking: /workspaces/reuv/re-uv_ws/install/serial_util/include/serial_util/crc/dji_crc.hpp
-- Symlinking: /workspaces/reuv/re-uv_ws/install/serial_util/include/serial_util/package_receive.hpp
-- Symlinking: /workspaces/reuv/re-uv_ws/install/serial_util/include/serial_util/tick_timer.hpp
-- Symlinking: /workspaces/reuv/re-uv_ws/install/serial_util/share/ament_index/resource_index/package_run_dependencies/serial_util
-- Symlinking: /workspaces/reuv/re-uv_ws/install/serial_util/share/ament_index/resource_index/parent_prefix_path/serial_util
-- Symlinking: /workspaces/reuv/re-uv_ws/install/serial_util/share/serial_util/environment/ament_prefix_path.sh
-- Symlinking: /workspaces/reuv/re-uv_ws/install/serial_util/share/serial_util/environment/ament_prefix_path.dsv
-- Symlinking: /workspaces/reuv/re-uv_ws/install/serial_util/share/serial_util/environment/path.sh
-- Symlinking: /workspaces/reuv/re-uv_ws/install/serial_util/share/serial_util/environment/path.dsv
-- Symlinking: /workspaces/reuv/re-uv_ws/install/serial_util/share/serial_util/local_setup.bash
-- Symlinking: /workspaces/reuv/re-uv_ws/install/serial_util/share/serial_util/local_setup.sh
-- Symlinking: /workspaces/reuv/re-uv_ws/install/serial_util/share/serial_util/local_setup.zsh
-- Symlinking: /workspaces/reuv/re-uv_ws/install/serial_util/share/serial_util/local_setup.dsv
-- Symlinking: /workspaces/reuv/re-uv_ws/install/serial_util/share/serial_util/package.dsv
-- Symlinking: /workspaces/reuv/re-uv_ws/install/serial_util/share/ament_index/resource_index/packages/serial_util
-- Symlinking: /workspaces/reuv/re-uv_ws/install/serial_util/share/serial_util/cmake/ament_cmake_export_dependencies-extras.cmake
-- Symlinking: /workspaces/reuv/re-uv_ws/install/serial_util/share/serial_util/cmake/ament_cmake_export_include_directories-extras.cmake
-- Symlinking: /workspaces/reuv/re-uv_ws/install/serial_util/share/serial_util/cmake/serial_utilConfig.cmake
-- Symlinking: /workspaces/reuv/re-uv_ws/install/serial_util/share/serial_util/cmake/serial_utilConfig-version.cmake
-- Symlinking: /workspaces/reuv/re-uv_ws/install/serial_util/share/serial_util/package.xml
