[0.009s] Invoking command in '/workspaces/reuv/re-uv_ws/build/serial_util': CMAKE_PREFIX_PATH=/workspaces/reuv/re-uv_ws/install/serial:/workspaces/reuv/re-uv_ws/install/uv-vision:/workspaces/reuv/re-uv_ws/install/serial_util:/opt/ros/humble /usr/bin/cmake /workspaces/reuv/re-uv_ws/src/serial_util -DAMENT_CMAKE_SYMLINK_INSTALL=1 -DCMAKE_INSTALL_PREFIX=/workspaces/reuv/re-uv_ws/install/serial_util
[0.019s] -- Found ament_cmake_auto: 1.3.8 (/opt/ros/humble/share/ament_cmake_auto/cmake)
[0.112s] -- Override CMake install command with custom implementation using symlinks instead of copying resources
[0.177s] -- Configuring done
[0.180s] -- Generating done
[0.181s] -- Build files have been written to: /workspaces/reuv/re-uv_ws/build/serial_util
[0.184s] Invoked command in '/workspaces/reuv/re-uv_ws/build/serial_util' returned '0': CMAKE_PREFIX_PATH=/workspaces/reuv/re-uv_ws/install/serial:/workspaces/reuv/re-uv_ws/install/uv-vision:/workspaces/reuv/re-uv_ws/install/serial_util:/opt/ros/humble /usr/bin/cmake /workspaces/reuv/re-uv_ws/src/serial_util -DAMENT_CMAKE_SYMLINK_INSTALL=1 -DCMAKE_INSTALL_PREFIX=/workspaces/reuv/re-uv_ws/install/serial_util
[0.186s] Invoking command in '/workspaces/reuv/re-uv_ws/build/serial_util': CMAKE_PREFIX_PATH=/workspaces/reuv/re-uv_ws/install/serial:/workspaces/reuv/re-uv_ws/install/uv-vision:/workspaces/reuv/re-uv_ws/install/serial_util:/opt/ros/humble /usr/bin/cmake --build /workspaces/reuv/re-uv_ws/build/serial_util -- -j16 -l16
[0.222s] Invoked command in '/workspaces/reuv/re-uv_ws/build/serial_util' returned '0': CMAKE_PREFIX_PATH=/workspaces/reuv/re-uv_ws/install/serial:/workspaces/reuv/re-uv_ws/install/uv-vision:/workspaces/reuv/re-uv_ws/install/serial_util:/opt/ros/humble /usr/bin/cmake --build /workspaces/reuv/re-uv_ws/build/serial_util -- -j16 -l16
[0.243s] Invoking command in '/workspaces/reuv/re-uv_ws/build/serial_util': CMAKE_PREFIX_PATH=/workspaces/reuv/re-uv_ws/install/serial:/workspaces/reuv/re-uv_ws/install/uv-vision:/workspaces/reuv/re-uv_ws/install/serial_util:/opt/ros/humble /usr/bin/cmake --install /workspaces/reuv/re-uv_ws/build/serial_util
[0.249s] -- Install configuration: ""
[0.250s] -- Execute custom install script
[0.250s] -- Symlinking: /workspaces/reuv/re-uv_ws/install/serial_util/include/serial_util/crc/dji_crc.hpp
[0.259s] -- Symlinking: /workspaces/reuv/re-uv_ws/install/serial_util/include/serial_util/package_receive.hpp
[0.267s] -- Symlinking: /workspaces/reuv/re-uv_ws/install/serial_util/include/serial_util/tick_timer.hpp
[0.276s] -- Symlinking: /workspaces/reuv/re-uv_ws/install/serial_util/share/ament_index/resource_index/package_run_dependencies/serial_util
[0.285s] -- Symlinking: /workspaces/reuv/re-uv_ws/install/serial_util/share/ament_index/resource_index/parent_prefix_path/serial_util
[0.294s] -- Symlinking: /workspaces/reuv/re-uv_ws/install/serial_util/share/serial_util/environment/ament_prefix_path.sh
[0.302s] -- Symlinking: /workspaces/reuv/re-uv_ws/install/serial_util/share/serial_util/environment/ament_prefix_path.dsv
[0.310s] -- Symlinking: /workspaces/reuv/re-uv_ws/install/serial_util/share/serial_util/environment/path.sh
[0.318s] -- Symlinking: /workspaces/reuv/re-uv_ws/install/serial_util/share/serial_util/environment/path.dsv
[0.328s] -- Symlinking: /workspaces/reuv/re-uv_ws/install/serial_util/share/serial_util/local_setup.bash
[0.336s] -- Symlinking: /workspaces/reuv/re-uv_ws/install/serial_util/share/serial_util/local_setup.sh
[0.345s] -- Symlinking: /workspaces/reuv/re-uv_ws/install/serial_util/share/serial_util/local_setup.zsh
[0.352s] -- Symlinking: /workspaces/reuv/re-uv_ws/install/serial_util/share/serial_util/local_setup.dsv
[0.359s] -- Symlinking: /workspaces/reuv/re-uv_ws/install/serial_util/share/serial_util/package.dsv
[0.367s] -- Symlinking: /workspaces/reuv/re-uv_ws/install/serial_util/share/ament_index/resource_index/packages/serial_util
[0.375s] -- Symlinking: /workspaces/reuv/re-uv_ws/install/serial_util/share/serial_util/cmake/ament_cmake_export_dependencies-extras.cmake
[0.383s] -- Symlinking: /workspaces/reuv/re-uv_ws/install/serial_util/share/serial_util/cmake/ament_cmake_export_include_directories-extras.cmake
[0.392s] -- Symlinking: /workspaces/reuv/re-uv_ws/install/serial_util/share/serial_util/cmake/serial_utilConfig.cmake
[0.401s] -- Symlinking: /workspaces/reuv/re-uv_ws/install/serial_util/share/serial_util/cmake/serial_utilConfig-version.cmake
[0.410s] -- Symlinking: /workspaces/reuv/re-uv_ws/install/serial_util/share/serial_util/package.xml
[0.422s] Invoked command in '/workspaces/reuv/re-uv_ws/build/serial_util' returned '0': CMAKE_PREFIX_PATH=/workspaces/reuv/re-uv_ws/install/serial:/workspaces/reuv/re-uv_ws/install/uv-vision:/workspaces/reuv/re-uv_ws/install/serial_util:/opt/ros/humble /usr/bin/cmake --install /workspaces/reuv/re-uv_ws/build/serial_util
