[0.010s] Invoking command in '/workspaces/reuv/re-uv_ws/build/serial': CMAKE_PREFIX_PATH=/opt/ros/humble /usr/bin/cmake --build /workspaces/reuv/re-uv_ws/build/serial -- -j16 -l16
[0.054s] [100%] Built target serial
[0.064s] Invoked command in '/workspaces/reuv/re-uv_ws/build/serial' returned '0': CMAKE_PREFIX_PATH=/opt/ros/humble /usr/bin/cmake --build /workspaces/reuv/re-uv_ws/build/serial -- -j16 -l16
[0.098s] Invoking command in '/workspaces/reuv/re-uv_ws/build/serial': CMAKE_PREFIX_PATH=/opt/ros/humble /usr/bin/cmake --install /workspaces/reuv/re-uv_ws/build/serial
[0.104s] -- Install configuration: ""
[0.104s] -- Up-to-date: /workspaces/reuv/re-uv_ws/install/serial/include
[0.104s] -- Up-to-date: /workspaces/reuv/re-uv_ws/install/serial/include/serial
[0.104s] -- Up-to-date: /workspaces/reuv/re-uv_ws/install/serial/include/serial/impl
[0.104s] -- Up-to-date: /workspaces/reuv/re-uv_ws/install/serial/include/serial/impl/unix.h
[0.104s] -- Up-to-date: /workspaces/reuv/re-uv_ws/install/serial/include/serial/impl/win.h
[0.105s] -- Up-to-date: /workspaces/reuv/re-uv_ws/install/serial/include/serial/serial.h
[0.105s] -- Up-to-date: /workspaces/reuv/re-uv_ws/install/serial/include/serial/v8stdint.h
[0.105s] -- Up-to-date: /workspaces/reuv/re-uv_ws/install/serial/share/serial/environment/library_path.sh
[0.105s] -- Up-to-date: /workspaces/reuv/re-uv_ws/install/serial/share/serial/environment/library_path.dsv
[0.105s] -- Up-to-date: /workspaces/reuv/re-uv_ws/install/serial/lib/libserial.so
[0.105s] -- Up-to-date: /workspaces/reuv/re-uv_ws/install/serial/share/ament_index/resource_index/package_run_dependencies/serial
[0.105s] -- Up-to-date: /workspaces/reuv/re-uv_ws/install/serial/share/ament_index/resource_index/parent_prefix_path/serial
[0.105s] -- Up-to-date: /workspaces/reuv/re-uv_ws/install/serial/share/serial/environment/ament_prefix_path.sh
[0.105s] -- Up-to-date: /workspaces/reuv/re-uv_ws/install/serial/share/serial/environment/ament_prefix_path.dsv
[0.105s] -- Up-to-date: /workspaces/reuv/re-uv_ws/install/serial/share/serial/environment/path.sh
[0.105s] -- Up-to-date: /workspaces/reuv/re-uv_ws/install/serial/share/serial/environment/path.dsv
[0.106s] -- Up-to-date: /workspaces/reuv/re-uv_ws/install/serial/share/serial/local_setup.bash
[0.106s] -- Up-to-date: /workspaces/reuv/re-uv_ws/install/serial/share/serial/local_setup.sh
[0.106s] -- Up-to-date: /workspaces/reuv/re-uv_ws/install/serial/share/serial/local_setup.zsh
[0.106s] -- Up-to-date: /workspaces/reuv/re-uv_ws/install/serial/share/serial/local_setup.dsv
[0.106s] -- Installing: /workspaces/reuv/re-uv_ws/install/serial/share/serial/package.dsv
[0.106s] -- Up-to-date: /workspaces/reuv/re-uv_ws/install/serial/share/ament_index/resource_index/packages/serial
[0.106s] -- Up-to-date: /workspaces/reuv/re-uv_ws/install/serial/share/serial/cmake/ament_cmake_export_include_directories-extras.cmake
[0.106s] -- Up-to-date: /workspaces/reuv/re-uv_ws/install/serial/share/serial/cmake/ament_cmake_export_libraries-extras.cmake
[0.106s] -- Up-to-date: /workspaces/reuv/re-uv_ws/install/serial/share/serial/cmake/serialConfig.cmake
[0.106s] -- Up-to-date: /workspaces/reuv/re-uv_ws/install/serial/share/serial/cmake/serialConfig-version.cmake
[0.107s] -- Up-to-date: /workspaces/reuv/re-uv_ws/install/serial/share/serial/package.xml
[0.107s] Invoked command in '/workspaces/reuv/re-uv_ws/build/serial' returned '0': CMAKE_PREFIX_PATH=/opt/ros/humble /usr/bin/cmake --install /workspaces/reuv/re-uv_ws/build/serial
