-- Found ament_cmake: 1.3.8 (/opt/ros/humble/share/ament_cmake/cmake)
-- Override CMake install command with custom implementation using symlinks instead of copying resources
-- Found rclcpp: 16.0.8 (/opt/ros/humble/share/rclcpp/cmake)
-- Found rosidl_generator_c: 3.1.5 (/opt/ros/humble/share/rosidl_generator_c/cmake)
-- Found rosidl_adapter: 3.1.5 (/opt/ros/humble/share/rosidl_adapter/cmake)
-- Found rosidl_generator_cpp: 3.1.5 (/opt/ros/humble/share/rosidl_generator_cpp/cmake)
-- Using all available rosidl_typesupport_c: rosidl_typesupport_fastrtps_c;rosidl_typesupport_introspection_c
-- Using all available rosidl_typesupport_cpp: rosidl_typesupport_fastrtps_cpp;rosidl_typesupport_introspection_cpp
-- Found rmw_implementation_cmake: 6.1.1 (/opt/ros/humble/share/rmw_implementation_cmake/cmake)
-- Found rmw_fastrtps_cpp: 6.2.6 (/opt/ros/humble/share/rmw_fastrtps_cpp/cmake)
-- Using RMW implementation 'rmw_fastrtps_cpp' as default
-- Found serial_util: 1.0.0 (/workspaces/reuv/re-uv_ws/install/serial_util/share/serial_util/cmake)
-- Configuring done
-- Generating done
-- Build files have been written to: /workspaces/reuv/re-uv_ws/build/uv-vision
[35m[1mConsolidate compiler generated dependencies of target uv-vision[0m
[ 50%] [32mBuilding CXX object CMakeFiles/uv-vision.dir/src/uv-vision.cpp.o[0m
[100%] [32m[1mLinking CXX executable uv-vision[0m
[100%] Built target uv-vision
-- Install configuration: ""
-- Execute custom install script
-- Symlinking: /workspaces/reuv/re-uv_ws/install/uv-vision/lib/uv-vision/uv-vision
-- Symlinking: /workspaces/reuv/re-uv_ws/install/uv-vision/share/ament_index/resource_index/package_run_dependencies/uv-vision
-- Symlinking: /workspaces/reuv/re-uv_ws/install/uv-vision/share/ament_index/resource_index/parent_prefix_path/uv-vision
-- Symlinking: /workspaces/reuv/re-uv_ws/install/uv-vision/share/uv-vision/environment/ament_prefix_path.sh
-- Symlinking: /workspaces/reuv/re-uv_ws/install/uv-vision/share/uv-vision/environment/ament_prefix_path.dsv
-- Symlinking: /workspaces/reuv/re-uv_ws/install/uv-vision/share/uv-vision/environment/path.sh
-- Symlinking: /workspaces/reuv/re-uv_ws/install/uv-vision/share/uv-vision/environment/path.dsv
-- Symlinking: /workspaces/reuv/re-uv_ws/install/uv-vision/share/uv-vision/local_setup.bash
-- Symlinking: /workspaces/reuv/re-uv_ws/install/uv-vision/share/uv-vision/local_setup.sh
-- Symlinking: /workspaces/reuv/re-uv_ws/install/uv-vision/share/uv-vision/local_setup.zsh
-- Symlinking: /workspaces/reuv/re-uv_ws/install/uv-vision/share/uv-vision/local_setup.dsv
-- Symlinking: /workspaces/reuv/re-uv_ws/install/uv-vision/share/uv-vision/package.dsv
-- Symlinking: /workspaces/reuv/re-uv_ws/install/uv-vision/share/ament_index/resource_index/packages/uv-vision
-- Symlinking: /workspaces/reuv/re-uv_ws/install/uv-vision/share/uv-vision/cmake/uv-visionConfig.cmake
-- Symlinking: /workspaces/reuv/re-uv_ws/install/uv-vision/share/uv-vision/cmake/uv-visionConfig-version.cmake
-- Symlinking: /workspaces/reuv/re-uv_ws/install/uv-vision/share/uv-vision/package.xml
