[0.008s] Invoking command in '/workspaces/reuv/re-uv_ws/build/uv-vision': CMAKE_PREFIX_PATH=${CMAKE_PREFIX_PATH}:/opt/ros/humble /usr/bin/cmake /workspaces/reuv/re-uv_ws/src/uv-vision -DAMENT_CMAKE_SYMLINK_INSTALL=1 -DCMAKE_INSTALL_PREFIX=/workspaces/reuv/re-uv_ws/install/uv-vision
[0.018s] -- Found ament_cmake: 1.3.8 (/opt/ros/humble/share/ament_cmake/cmake)
[0.102s] -- Override CMake install command with custom implementation using symlinks instead of copying resources
[0.111s] -- Found rclcpp: 16.0.8 (/opt/ros/humble/share/rclcpp/cmake)
[0.133s] -- Found rosidl_generator_c: 3.1.5 (/opt/ros/humble/share/rosidl_generator_c/cmake)
[0.135s] -- Found rosidl_adapter: 3.1.5 (/opt/ros/humble/share/rosidl_adapter/cmake)
[0.140s] -- Found rosidl_generator_cpp: 3.1.5 (/opt/ros/humble/share/rosidl_generator_cpp/cmake)
[0.149s] -- Using all available rosidl_typesupport_c: rosidl_typesupport_fastrtps_c;rosidl_typesupport_introspection_c
[0.162s] -- Using all available rosidl_typesupport_cpp: rosidl_typesupport_fastrtps_cpp;rosidl_typesupport_introspection_cpp
[0.210s] -- Found rmw_implementation_cmake: 6.1.1 (/opt/ros/humble/share/rmw_implementation_cmake/cmake)
[0.211s] -- Found rmw_fastrtps_cpp: 6.2.6 (/opt/ros/humble/share/rmw_fastrtps_cpp/cmake)
[0.320s] -- Using RMW implementation 'rmw_fastrtps_cpp' as default
[0.453s] -- Found serial_util: 1.0.0 (/workspaces/reuv/re-uv_ws/install/serial_util/share/serial_util/cmake)
[0.511s] -- Configuring done
[0.524s] -- Generating done
[0.526s] -- Build files have been written to: /workspaces/reuv/re-uv_ws/build/uv-vision
[0.538s] Invoked command in '/workspaces/reuv/re-uv_ws/build/uv-vision' returned '0': CMAKE_PREFIX_PATH=${CMAKE_PREFIX_PATH}:/opt/ros/humble /usr/bin/cmake /workspaces/reuv/re-uv_ws/src/uv-vision -DAMENT_CMAKE_SYMLINK_INSTALL=1 -DCMAKE_INSTALL_PREFIX=/workspaces/reuv/re-uv_ws/install/uv-vision
[0.539s] Invoking command in '/workspaces/reuv/re-uv_ws/build/uv-vision': CMAKE_PREFIX_PATH=${CMAKE_PREFIX_PATH}:/opt/ros/humble /usr/bin/cmake --build /workspaces/reuv/re-uv_ws/build/uv-vision -- -j16 -l16
[0.579s] [35m[1mConsolidate compiler generated dependencies of target uv-vision[0m
[0.592s] [ 50%] [32mBuilding CXX object CMakeFiles/uv-vision.dir/src/uv-vision.cpp.o[0m
[0.879s] [100%] [32m[1mLinking CXX executable uv-vision[0m
[1.063s] [100%] Built target uv-vision
[1.072s] Invoked command in '/workspaces/reuv/re-uv_ws/build/uv-vision' returned '0': CMAKE_PREFIX_PATH=${CMAKE_PREFIX_PATH}:/opt/ros/humble /usr/bin/cmake --build /workspaces/reuv/re-uv_ws/build/uv-vision -- -j16 -l16
[1.095s] Invoking command in '/workspaces/reuv/re-uv_ws/build/uv-vision': CMAKE_PREFIX_PATH=${CMAKE_PREFIX_PATH}:/opt/ros/humble /usr/bin/cmake --install /workspaces/reuv/re-uv_ws/build/uv-vision
[1.101s] -- Install configuration: ""
[1.101s] -- Execute custom install script
[1.101s] -- Symlinking: /workspaces/reuv/re-uv_ws/install/uv-vision/lib/uv-vision/uv-vision
[1.111s] -- Symlinking: /workspaces/reuv/re-uv_ws/install/uv-vision/share/ament_index/resource_index/package_run_dependencies/uv-vision
[1.119s] -- Symlinking: /workspaces/reuv/re-uv_ws/install/uv-vision/share/ament_index/resource_index/parent_prefix_path/uv-vision
[1.127s] -- Symlinking: /workspaces/reuv/re-uv_ws/install/uv-vision/share/uv-vision/environment/ament_prefix_path.sh
[1.136s] -- Symlinking: /workspaces/reuv/re-uv_ws/install/uv-vision/share/uv-vision/environment/ament_prefix_path.dsv
[1.143s] -- Symlinking: /workspaces/reuv/re-uv_ws/install/uv-vision/share/uv-vision/environment/path.sh
[1.150s] -- Symlinking: /workspaces/reuv/re-uv_ws/install/uv-vision/share/uv-vision/environment/path.dsv
[1.158s] -- Symlinking: /workspaces/reuv/re-uv_ws/install/uv-vision/share/uv-vision/local_setup.bash
[1.165s] -- Symlinking: /workspaces/reuv/re-uv_ws/install/uv-vision/share/uv-vision/local_setup.sh
[1.172s] -- Symlinking: /workspaces/reuv/re-uv_ws/install/uv-vision/share/uv-vision/local_setup.zsh
[1.179s] -- Symlinking: /workspaces/reuv/re-uv_ws/install/uv-vision/share/uv-vision/local_setup.dsv
[1.187s] -- Symlinking: /workspaces/reuv/re-uv_ws/install/uv-vision/share/uv-vision/package.dsv
[1.194s] -- Symlinking: /workspaces/reuv/re-uv_ws/install/uv-vision/share/ament_index/resource_index/packages/uv-vision
[1.203s] -- Symlinking: /workspaces/reuv/re-uv_ws/install/uv-vision/share/uv-vision/cmake/uv-visionConfig.cmake
[1.211s] -- Symlinking: /workspaces/reuv/re-uv_ws/install/uv-vision/share/uv-vision/cmake/uv-visionConfig-version.cmake
[1.219s] -- Symlinking: /workspaces/reuv/re-uv_ws/install/uv-vision/share/uv-vision/package.xml
[1.229s] Invoked command in '/workspaces/reuv/re-uv_ws/build/uv-vision' returned '0': CMAKE_PREFIX_PATH=${CMAKE_PREFIX_PATH}:/opt/ros/humble /usr/bin/cmake --install /workspaces/reuv/re-uv_ws/build/uv-vision
