[0.010s] Invoking command in '/workspaces/reuv/re-uv_ws/build/uv-vision': CMAKE_PREFIX_PATH=/opt/ros/humble /usr/bin/cmake /workspaces/reuv/re-uv_ws/src/uv-vision -DCMAKE_INSTALL_PREFIX=/workspaces/reuv/re-uv_ws/install/uv-vision
[0.090s] -- The C compiler identification is GNU 11.4.0
[0.158s] -- The CXX compiler identification is GNU 11.4.0
[0.168s] -- Detecting C compiler ABI info
[0.227s] -- Detecting C compiler ABI info - done
[0.232s] -- Check for working C compiler: /usr/bin/cc - skipped
[0.233s] -- Detecting C compile features
[0.233s] -- Detecting C compile features - done
[0.236s] -- Detecting CXX compiler ABI info
[0.300s] -- Detecting CXX compiler ABI info - done
[0.305s] -- Check for working CXX compiler: /usr/bin/c++ - skipped
[0.305s] -- Detecting CXX compile features
[0.306s] -- Detecting CXX compile features - done
[0.310s] -- Found ament_cmake: 1.3.8 (/opt/ros/humble/share/ament_cmake/cmake)
[0.411s] -- Found Python3: /usr/bin/python3 (found version "3.10.12") found components: Interpreter 
[0.488s] -- Found rclcpp: 16.0.8 (/opt/ros/humble/share/rclcpp/cmake)
[0.530s] -- Found rosidl_generator_c: 3.1.5 (/opt/ros/humble/share/rosidl_generator_c/cmake)
[0.535s] -- Found rosidl_adapter: 3.1.5 (/opt/ros/humble/share/rosidl_adapter/cmake)
[0.543s] -- Found rosidl_generator_cpp: 3.1.5 (/opt/ros/humble/share/rosidl_generator_cpp/cmake)
[0.557s] -- Using all available rosidl_typesupport_c: rosidl_typesupport_fastrtps_c;rosidl_typesupport_introspection_c
[0.575s] -- Using all available rosidl_typesupport_cpp: rosidl_typesupport_fastrtps_cpp;rosidl_typesupport_introspection_cpp
[0.636s] -- Found rmw_implementation_cmake: 6.1.1 (/opt/ros/humble/share/rmw_implementation_cmake/cmake)
[0.639s] -- Found rmw_fastrtps_cpp: 6.2.6 (/opt/ros/humble/share/rmw_fastrtps_cpp/cmake)
[0.729s] -- Found OpenSSL: /usr/lib/x86_64-linux-gnu/libcrypto.so (found version "3.0.2")  
[0.751s] -- Found FastRTPS: /opt/ros/humble/include  
[0.791s] -- Using RMW implementation 'rmw_fastrtps_cpp' as default
[0.800s] -- Looking for pthread.h
[0.862s] -- Looking for pthread.h - found
[0.863s] -- Performing Test CMAKE_HAVE_LIBC_PTHREAD
[0.924s] -- Performing Test CMAKE_HAVE_LIBC_PTHREAD - Success
[0.925s] -- Found Threads: TRUE  
[1.065s] -- Found OpenCV: /usr (found version "4.5.4") 
[1.066s] -- Found ament_lint_auto: 0.12.10 (/opt/ros/humble/share/ament_lint_auto/cmake)
[1.132s] -- Added test 'cppcheck' to perform static code analysis on C / C++ code
[1.132s] -- Configured cppcheck include dirs: 
[1.132s] -- Configured cppcheck exclude dirs and/or files: 
[1.133s] -- Added test 'lint_cmake' to check CMake code style
[1.134s] -- Added test 'uncrustify' to check C / C++ code style
[1.134s] -- Configured uncrustify additional arguments: 
[1.134s] -- Added test 'xmllint' to check XML markup files
[1.136s] -- Configuring done
[1.141s] -- Generating done
[1.142s] -- Build files have been written to: /workspaces/reuv/re-uv_ws/build/uv-vision
[1.150s] Invoked command in '/workspaces/reuv/re-uv_ws/build/uv-vision' returned '0': CMAKE_PREFIX_PATH=/opt/ros/humble /usr/bin/cmake /workspaces/reuv/re-uv_ws/src/uv-vision -DCMAKE_INSTALL_PREFIX=/workspaces/reuv/re-uv_ws/install/uv-vision
[1.151s] Invoking command in '/workspaces/reuv/re-uv_ws/build/uv-vision': CMAKE_PREFIX_PATH=/opt/ros/humble /usr/bin/cmake --build /workspaces/reuv/re-uv_ws/build/uv-vision -- -j16 -l16
[1.185s] Invoked command in '/workspaces/reuv/re-uv_ws/build/uv-vision' returned '0': CMAKE_PREFIX_PATH=/opt/ros/humble /usr/bin/cmake --build /workspaces/reuv/re-uv_ws/build/uv-vision -- -j16 -l16
[1.209s] Invoking command in '/workspaces/reuv/re-uv_ws/build/uv-vision': CMAKE_PREFIX_PATH=/opt/ros/humble /usr/bin/cmake --install /workspaces/reuv/re-uv_ws/build/uv-vision
[1.215s] -- Install configuration: ""
[1.215s] -- Installing: /workspaces/reuv/re-uv_ws/install/uv-vision/share/ament_index/resource_index/package_run_dependencies/uv-vision
[1.216s] -- Installing: /workspaces/reuv/re-uv_ws/install/uv-vision/share/ament_index/resource_index/parent_prefix_path/uv-vision
[1.216s] -- Installing: /workspaces/reuv/re-uv_ws/install/uv-vision/share/uv-vision/environment/ament_prefix_path.sh
[1.216s] -- Installing: /workspaces/reuv/re-uv_ws/install/uv-vision/share/uv-vision/environment/ament_prefix_path.dsv
[1.216s] -- Installing: /workspaces/reuv/re-uv_ws/install/uv-vision/share/uv-vision/environment/path.sh
[1.216s] -- Installing: /workspaces/reuv/re-uv_ws/install/uv-vision/share/uv-vision/environment/path.dsv
[1.217s] -- Installing: /workspaces/reuv/re-uv_ws/install/uv-vision/share/uv-vision/local_setup.bash
[1.217s] -- Installing: /workspaces/reuv/re-uv_ws/install/uv-vision/share/uv-vision/local_setup.sh
[1.217s] -- Installing: /workspaces/reuv/re-uv_ws/install/uv-vision/share/uv-vision/local_setup.zsh
[1.217s] -- Installing: /workspaces/reuv/re-uv_ws/install/uv-vision/share/uv-vision/local_setup.dsv
[1.217s] -- Installing: /workspaces/reuv/re-uv_ws/install/uv-vision/share/uv-vision/package.dsv
[1.217s] -- Installing: /workspaces/reuv/re-uv_ws/install/uv-vision/share/ament_index/resource_index/packages/uv-vision
[1.217s] -- Installing: /workspaces/reuv/re-uv_ws/install/uv-vision/share/uv-vision/cmake/uv-visionConfig.cmake
[1.217s] -- Installing: /workspaces/reuv/re-uv_ws/install/uv-vision/share/uv-vision/cmake/uv-visionConfig-version.cmake
[1.218s] -- Installing: /workspaces/reuv/re-uv_ws/install/uv-vision/share/uv-vision/package.xml
[1.219s] Invoked command in '/workspaces/reuv/re-uv_ws/build/uv-vision' returned '0': CMAKE_PREFIX_PATH=/opt/ros/humble /usr/bin/cmake --install /workspaces/reuv/re-uv_ws/build/uv-vision
