[0.011s] Invoking command in '/workspaces/reuv/re-uv_ws/build/serial': CMAKE_PREFIX_PATH=${CMAKE_PREFIX_PATH}:/opt/ros/humble /usr/bin/cmake /workspaces/reuv/re-uv_ws/src/ros2-serial -DAMENT_CMAKE_SYMLINK_INSTALL=1 -DCMAKE_INSTALL_PREFIX=/workspaces/reuv/re-uv_ws/install/serial
[0.021s] -- Found ament_cmake_auto: 1.3.8 (/opt/ros/humble/share/ament_cmake_auto/cmake)
[0.106s] -- Override CMake install command with custom implementation using symlinks instead of copying resources
[0.169s] -- Configuring done
[0.174s] -- Generating done
[0.175s] -- Build files have been written to: /workspaces/reuv/re-uv_ws/build/serial
[0.178s] Invoked command in '/workspaces/reuv/re-uv_ws/build/serial' returned '0': CMAKE_PREFIX_PATH=${CMAKE_PREFIX_PATH}:/opt/ros/humble /usr/bin/cmake /workspaces/reuv/re-uv_ws/src/ros2-serial -DAMENT_CMAKE_SYMLINK_INSTALL=1 -DCMAKE_INSTALL_PREFIX=/workspaces/reuv/re-uv_ws/install/serial
[0.180s] Invoking command in '/workspaces/reuv/re-uv_ws/build/serial': CMAKE_PREFIX_PATH=${CMAKE_PREFIX_PATH}:/opt/ros/humble /usr/bin/cmake --build /workspaces/reuv/re-uv_ws/build/serial -- -j16 -l16
[0.214s] [35m[1mConsolidate compiler generated dependencies of target serial[0m
[0.231s] [100%] Built target serial
[0.243s] Invoked command in '/workspaces/reuv/re-uv_ws/build/serial' returned '0': CMAKE_PREFIX_PATH=${CMAKE_PREFIX_PATH}:/opt/ros/humble /usr/bin/cmake --build /workspaces/reuv/re-uv_ws/build/serial -- -j16 -l16
[0.278s] Invoking command in '/workspaces/reuv/re-uv_ws/build/serial': CMAKE_PREFIX_PATH=${CMAKE_PREFIX_PATH}:/opt/ros/humble /usr/bin/cmake --install /workspaces/reuv/re-uv_ws/build/serial
[0.285s] -- Install configuration: ""
[0.285s] -- Execute custom install script
[0.285s] -- Symlinking: /workspaces/reuv/re-uv_ws/install/serial/include/serial/impl/unix.h
[0.294s] -- Symlinking: /workspaces/reuv/re-uv_ws/install/serial/include/serial/impl/win.h
[0.301s] -- Symlinking: /workspaces/reuv/re-uv_ws/install/serial/include/serial/serial.h
[0.309s] -- Symlinking: /workspaces/reuv/re-uv_ws/install/serial/include/serial/v8stdint.h
[0.318s] -- Symlinking: /workspaces/reuv/re-uv_ws/install/serial/share/serial/environment/library_path.sh
[0.326s] -- Symlinking: /workspaces/reuv/re-uv_ws/install/serial/share/serial/environment/library_path.dsv
[0.335s] -- Symlinking: /workspaces/reuv/re-uv_ws/install/serial/lib/libserial.so
[0.344s] -- Symlinking: /workspaces/reuv/re-uv_ws/install/serial/share/ament_index/resource_index/package_run_dependencies/serial
[0.352s] -- Symlinking: /workspaces/reuv/re-uv_ws/install/serial/share/ament_index/resource_index/parent_prefix_path/serial
[0.360s] -- Symlinking: /workspaces/reuv/re-uv_ws/install/serial/share/serial/environment/ament_prefix_path.sh
[0.368s] -- Symlinking: /workspaces/reuv/re-uv_ws/install/serial/share/serial/environment/ament_prefix_path.dsv
[0.376s] -- Symlinking: /workspaces/reuv/re-uv_ws/install/serial/share/serial/environment/path.sh
[0.384s] -- Symlinking: /workspaces/reuv/re-uv_ws/install/serial/share/serial/environment/path.dsv
[0.392s] -- Symlinking: /workspaces/reuv/re-uv_ws/install/serial/share/serial/local_setup.bash
[0.400s] -- Symlinking: /workspaces/reuv/re-uv_ws/install/serial/share/serial/local_setup.sh
[0.408s] -- Symlinking: /workspaces/reuv/re-uv_ws/install/serial/share/serial/local_setup.zsh
[0.417s] -- Symlinking: /workspaces/reuv/re-uv_ws/install/serial/share/serial/local_setup.dsv
[0.426s] -- Symlinking: /workspaces/reuv/re-uv_ws/install/serial/share/serial/package.dsv
[0.434s] -- Symlinking: /workspaces/reuv/re-uv_ws/install/serial/share/ament_index/resource_index/packages/serial
[0.443s] -- Symlinking: /workspaces/reuv/re-uv_ws/install/serial/share/serial/cmake/ament_cmake_export_include_directories-extras.cmake
[0.451s] -- Symlinking: /workspaces/reuv/re-uv_ws/install/serial/share/serial/cmake/ament_cmake_export_libraries-extras.cmake
[0.460s] -- Symlinking: /workspaces/reuv/re-uv_ws/install/serial/share/serial/cmake/serialConfig.cmake
[0.468s] -- Symlinking: /workspaces/reuv/re-uv_ws/install/serial/share/serial/cmake/serialConfig-version.cmake
[0.477s] -- Symlinking: /workspaces/reuv/re-uv_ws/install/serial/share/serial/package.xml
[0.487s] Invoked command in '/workspaces/reuv/re-uv_ws/build/serial' returned '0': CMAKE_PREFIX_PATH=${CMAKE_PREFIX_PATH}:/opt/ros/humble /usr/bin/cmake --install /workspaces/reuv/re-uv_ws/build/serial
